  RumblarD8.cpp
  grid.cpp
  main.cpp
  tin.cpp
  tipos.cpp
C:\Users\tic144\Documents\Visual Studio 2019\RumblarD8\RumblarD8\tin.cpp(1,1): warning C4828: The file contains a character starting at offset 0xb0f that is illegal in the current source character set (codepage 65001).
C:\Users\tic144\Documents\Visual Studio 2019\RumblarD8\RumblarD8\grid.cpp(1,1): warning C4828: The file contains a character starting at offset 0x1179 that is illegal in the current source character set (codepage 65001).
C:\Users\tic144\Documents\Visual Studio 2019\RumblarD8\RumblarD8\main.cpp(1,1): warning C4828: The file contains a character starting at offset 0x182 that is illegal in the current source character set (codepage 65001).
C:\Users\tic144\Documents\Visual Studio 2019\RumblarD8\RumblarD8\tin.cpp(1,1): warning C4828: The file contains a character starting at offset 0xb5b that is illegal in the current source character set (codepage 65001).
C:\Users\tic144\Documents\Visual Studio 2019\RumblarD8\RumblarD8\grid.cpp(1,1): warning C4828: The file contains a character starting at offset 0x12ae that is illegal in the current source character set (codepage 65001).
C:\Users\tic144\Documents\Visual Studio 2019\RumblarD8\RumblarD8\tin.cpp(1,1): warning C4828: The file contains a character starting at offset 0xe27 that is illegal in the current source character set (codepage 65001).
C:\Users\tic144\Documents\Visual Studio 2019\RumblarD8\RumblarD8\main.cpp(1,1): warning C4828: The file contains a character starting at offset 0xc14 that is illegal in the current source character set (codepage 65001).
C:\Users\tic144\Documents\Visual Studio 2019\RumblarD8\RumblarD8\grid.cpp(1,1): warning C4828: The file contains a character starting at offset 0x157e that is illegal in the current source character set (codepage 65001).
C:\Users\tic144\Documents\Visual Studio 2019\RumblarD8\RumblarD8\tin.cpp(1,1): warning C4828: The file contains a character starting at offset 0xe4f that is illegal in the current source character set (codepage 65001).
C:\Users\tic144\Documents\Visual Studio 2019\RumblarD8\RumblarD8\main.cpp(1,1): warning C4828: The file contains a character starting at offset 0x233b that is illegal in the current source character set (codepage 65001).
C:\Users\tic144\Documents\Visual Studio 2019\RumblarD8\RumblarD8\grid.cpp(1,1): warning C4828: The file contains a character starting at offset 0x1e0f that is illegal in the current source character set (codepage 65001).
C:\Users\tic144\Documents\Visual Studio 2019\RumblarD8\RumblarD8\tin.cpp(1,1): warning C4828: The file contains a character starting at offset 0xe62 that is illegal in the current source character set (codepage 65001).
C:\Users\tic144\Documents\Visual Studio 2019\RumblarD8\RumblarD8\tin.cpp(1,1): warning C4828: The file contains a character starting at offset 0xf23 that is illegal in the current source character set (codepage 65001).
C:\Users\tic144\Documents\Visual Studio 2019\RumblarD8\RumblarD8\grid.cpp(1,1): warning C4828: The file contains a character starting at offset 0x20e0 that is illegal in the current source character set (codepage 65001).
C:\Users\tic144\Documents\Visual Studio 2019\RumblarD8\RumblarD8\tin.cpp(1,1): warning C4828: The file contains a character starting at offset 0xf37 that is illegal in the current source character set (codepage 65001).
C:\Users\tic144\Documents\Visual Studio 2019\RumblarD8\RumblarD8\grid.cpp(1,1): warning C4828: The file contains a character starting at offset 0x2128 that is illegal in the current source character set (codepage 65001).
C:\Users\tic144\Documents\Visual Studio 2019\RumblarD8\RumblarD8\tin.cpp(1,1): warning C4828: The file contains a character starting at offset 0xf68 that is illegal in the current source character set (codepage 65001).
C:\Users\tic144\Documents\Visual Studio 2019\RumblarD8\RumblarD8\grid.cpp(1,1): warning C4828: The file contains a character starting at offset 0x233b that is illegal in the current source character set (codepage 65001).
C:\Users\tic144\Documents\Visual Studio 2019\RumblarD8\RumblarD8\tin.cpp(1,1): warning C4828: The file contains a character starting at offset 0xfa6 that is illegal in the current source character set (codepage 65001).
C:\Users\tic144\Documents\Visual Studio 2019\RumblarD8\RumblarD8\grid.cpp(1,1): warning C4828: The file contains a character starting at offset 0x2468 that is illegal in the current source character set (codepage 65001).
C:\Users\tic144\Documents\Visual Studio 2019\RumblarD8\RumblarD8\tin.cpp(1,1): warning C4828: The file contains a character starting at offset 0x1203 that is illegal in the current source character set (codepage 65001).
C:\Users\tic144\Documents\Visual Studio 2019\RumblarD8\RumblarD8\grid.cpp(1,1): warning C4828: The file contains a character starting at offset 0x24b0 that is illegal in the current source character set (codepage 65001).
C:\Users\tic144\Documents\Visual Studio 2019\RumblarD8\RumblarD8\tin.cpp(1,1): warning C4828: The file contains a character starting at offset 0x164e that is illegal in the current source character set (codepage 65001).
C:\Users\tic144\Documents\Visual Studio 2019\RumblarD8\RumblarD8\grid.cpp(1,1): warning C4828: The file contains a character starting at offset 0x25e6 that is illegal in the current source character set (codepage 65001).
C:\Users\tic144\Documents\Visual Studio 2019\RumblarD8\RumblarD8\tin.cpp(1,1): warning C4828: The file contains a character starting at offset 0x1664 that is illegal in the current source character set (codepage 65001).
C:\Users\tic144\Documents\Visual Studio 2019\RumblarD8\RumblarD8\grid.cpp(1,1): warning C4828: The file contains a character starting at offset 0x299c that is illegal in the current source character set (codepage 65001).
C:\Users\tic144\Documents\Visual Studio 2019\RumblarD8\RumblarD8\tin.cpp(1,1): warning C4828: The file contains a character starting at offset 0x1667 that is illegal in the current source character set (codepage 65001).
C:\Users\tic144\Documents\Visual Studio 2019\RumblarD8\RumblarD8\grid.cpp(1,1): warning C4828: The file contains a character starting at offset 0x2f32 that is illegal in the current source character set (codepage 65001).
C:\Users\tic144\Documents\Visual Studio 2019\RumblarD8\RumblarD8\tin.cpp(1,1): warning C4828: The file contains a character starting at offset 0x1678 that is illegal in the current source character set (codepage 65001).
C:\Users\tic144\Documents\Visual Studio 2019\RumblarD8\RumblarD8\grid.cpp(1,1): warning C4828: The file contains a character starting at offset 0x30d4 that is illegal in the current source character set (codepage 65001).
C:\Users\tic144\Documents\Visual Studio 2019\RumblarD8\RumblarD8\tin.cpp(1,1): warning C4828: The file contains a character starting at offset 0x1693 that is illegal in the current source character set (codepage 65001).
C:\Users\tic144\Documents\Visual Studio 2019\RumblarD8\RumblarD8\grid.cpp(1,1): warning C4828: The file contains a character starting at offset 0x4b17 that is illegal in the current source character set (codepage 65001).
C:\Users\tic144\Documents\Visual Studio 2019\RumblarD8\RumblarD8\tin.cpp(1,1): warning C4828: The file contains a character starting at offset 0x16c9 that is illegal in the current source character set (codepage 65001).
C:\Users\tic144\Documents\Visual Studio 2019\RumblarD8\RumblarD8\grid.cpp(1,1): warning C4828: The file contains a character starting at offset 0x4b27 that is illegal in the current source character set (codepage 65001).
C:\Users\tic144\Documents\Visual Studio 2019\RumblarD8\RumblarD8\tin.cpp(1,1): warning C4828: The file contains a character starting at offset 0x18b7 that is illegal in the current source character set (codepage 65001).
C:\Users\tic144\Documents\Visual Studio 2019\RumblarD8\RumblarD8\grid.cpp(1,1): warning C4828: The file contains a character starting at offset 0x5369 that is illegal in the current source character set (codepage 65001).
C:\Users\tic144\Documents\Visual Studio 2019\RumblarD8\RumblarD8\tin.cpp(1,1): warning C4828: The file contains a character starting at offset 0x18d2 that is illegal in the current source character set (codepage 65001).
C:\Users\tic144\Documents\Visual Studio 2019\RumblarD8\RumblarD8\grid.cpp(1,1): warning C4828: The file contains a character starting at offset 0x56c8 that is illegal in the current source character set (codepage 65001).
C:\Users\tic144\Documents\Visual Studio 2019\RumblarD8\RumblarD8\tin.cpp(1,1): warning C4828: The file contains a character starting at offset 0x18d5 that is illegal in the current source character set (codepage 65001).
C:\Users\tic144\Documents\Visual Studio 2019\RumblarD8\RumblarD8\grid.cpp(1,1): warning C4828: The file contains a character starting at offset 0x57c2 that is illegal in the current source character set (codepage 65001).
C:\Users\tic144\Documents\Visual Studio 2019\RumblarD8\RumblarD8\tin.cpp(1,1): warning C4828: The file contains a character starting at offset 0x18e6 that is illegal in the current source character set (codepage 65001).
C:\Users\tic144\Documents\Visual Studio 2019\RumblarD8\RumblarD8\grid.cpp(1,1): warning C4828: The file contains a character starting at offset 0x585d that is illegal in the current source character set (codepage 65001).
C:\Users\tic144\Documents\Visual Studio 2019\RumblarD8\RumblarD8\tin.cpp(1,1): warning C4828: The file contains a character starting at offset 0x1901 that is illegal in the current source character set (codepage 65001).
C:\Users\tic144\Documents\Visual Studio 2019\RumblarD8\RumblarD8\grid.cpp(1,1): warning C4828: The file contains a character starting at offset 0x59f2 that is illegal in the current source character set (codepage 65001).
C:\Users\tic144\Documents\Visual Studio 2019\RumblarD8\RumblarD8\tin.cpp(1,1): warning C4828: The file contains a character starting at offset 0x193a that is illegal in the current source character set (codepage 65001).
C:\Users\tic144\Documents\Visual Studio 2019\RumblarD8\RumblarD8\grid.cpp(1,1): warning C4828: The file contains a character starting at offset 0x5d5e that is illegal in the current source character set (codepage 65001).
C:\Users\tic144\Documents\Visual Studio 2019\RumblarD8\RumblarD8\tin.cpp(1,1): warning C4828: The file contains a character starting at offset 0x1b03 that is illegal in the current source character set (codepage 65001).
C:\Users\tic144\Documents\Visual Studio 2019\RumblarD8\RumblarD8\grid.cpp(1,1): warning C4828: The file contains a character starting at offset 0x5f03 that is illegal in the current source character set (codepage 65001).
C:\Users\tic144\Documents\Visual Studio 2019\RumblarD8\RumblarD8\tin.cpp(1,1): warning C4828: The file contains a character starting at offset 0x1b0b that is illegal in the current source character set (codepage 65001).
C:\Users\tic144\Documents\Visual Studio 2019\RumblarD8\RumblarD8\grid.cpp(1,1): warning C4828: The file contains a character starting at offset 0x639a that is illegal in the current source character set (codepage 65001).
C:\Users\tic144\Documents\Visual Studio 2019\RumblarD8\RumblarD8\tin.cpp(1,1): warning C4828: The file contains a character starting at offset 0x3352 that is illegal in the current source character set (codepage 65001).
C:\Users\tic144\Documents\Visual Studio 2019\RumblarD8\RumblarD8\grid.cpp(1,1): warning C4828: The file contains a character starting at offset 0x63ae that is illegal in the current source character set (codepage 65001).
C:\Users\tic144\Documents\Visual Studio 2019\RumblarD8\RumblarD8\tin.cpp(1,1): warning C4828: The file contains a character starting at offset 0x3957 that is illegal in the current source character set (codepage 65001).
C:\Users\tic144\Documents\Visual Studio 2019\RumblarD8\RumblarD8\tin.cpp(1,1): warning C4828: The file contains a character starting at offset 0x3d26 that is illegal in the current source character set (codepage 65001).
C:\Users\tic144\Documents\Visual Studio 2019\RumblarD8\RumblarD8\tin.cpp(1,1): warning C4828: The file contains a character starting at offset 0x461e that is illegal in the current source character set (codepage 65001).
C:\Users\tic144\Documents\Visual Studio 2019\RumblarD8\RumblarD8\tin.cpp(1,1): warning C4828: The file contains a character starting at offset 0x46e4 that is illegal in the current source character set (codepage 65001).
C:\Users\tic144\Documents\Visual Studio 2019\RumblarD8\RumblarD8\tin.cpp(1,1): warning C4828: The file contains a character starting at offset 0x48d3 that is illegal in the current source character set (codepage 65001).
C:\Users\tic144\Documents\Visual Studio 2019\RumblarD8\RumblarD8\tin.cpp(1,1): warning C4828: The file contains a character starting at offset 0x48e3 that is illegal in the current source character set (codepage 65001).
C:\Users\tic144\Documents\Visual Studio 2019\RumblarD8\RumblarD8\tin.cpp(1,1): warning C4828: The file contains a character starting at offset 0x490a that is illegal in the current source character set (codepage 65001).
C:\Users\tic144\Documents\Visual Studio 2019\RumblarD8\RumblarD8\tin.cpp(1,1): warning C4828: The file contains a character starting at offset 0x4914 that is illegal in the current source character set (codepage 65001).
C:\Users\tic144\Documents\Visual Studio 2019\RumblarD8\RumblarD8\tin.cpp(1,1): warning C4828: The file contains a character starting at offset 0x4932 that is illegal in the current source character set (codepage 65001).
C:\Users\tic144\Documents\Visual Studio 2019\RumblarD8\RumblarD8\tin.cpp(1,1): warning C4828: The file contains a character starting at offset 0x496d that is illegal in the current source character set (codepage 65001).
C:\Users\tic144\Documents\Visual Studio 2019\RumblarD8\RumblarD8\tin.cpp(1,1): warning C4828: The file contains a character starting at offset 0x4c3d that is illegal in the current source character set (codepage 65001).
C:\Users\tic144\Documents\Visual Studio 2019\RumblarD8\RumblarD8\tin.cpp(1,1): warning C4828: The file contains a character starting at offset 0x5005 that is illegal in the current source character set (codepage 65001).
C:\Users\tic144\Documents\Visual Studio 2019\RumblarD8\RumblarD8\tin.cpp(1,1): warning C4828: The file contains a character starting at offset 0x5182 that is illegal in the current source character set (codepage 65001).
C:\Users\tic144\Documents\Visual Studio 2019\RumblarD8\RumblarD8\tin.cpp(1,1): warning C4828: The file contains a character starting at offset 0x5269 that is illegal in the current source character set (codepage 65001).
C:\Users\tic144\Documents\Visual Studio 2019\RumblarD8\RumblarD8\tin.cpp(1,1): warning C4828: The file contains a character starting at offset 0x5275 that is illegal in the current source character set (codepage 65001).
C:\Users\tic144\Documents\Visual Studio 2019\RumblarD8\RumblarD8\tin.cpp(1,1): warning C4828: The file contains a character starting at offset 0x52da that is illegal in the current source character set (codepage 65001).
C:\Users\tic144\Documents\Visual Studio 2019\RumblarD8\RumblarD8\tin.cpp(1,1): warning C4828: The file contains a character starting at offset 0x543e that is illegal in the current source character set (codepage 65001).
C:\Users\tic144\Documents\Visual Studio 2019\RumblarD8\RumblarD8\tin.cpp(1,1): warning C4828: The file contains a character starting at offset 0x54d9 that is illegal in the current source character set (codepage 65001).
C:\Users\tic144\Documents\Visual Studio 2019\RumblarD8\RumblarD8\tin.cpp(1,1): warning C4828: The file contains a character starting at offset 0x5537 that is illegal in the current source character set (codepage 65001).
C:\Users\tic144\Documents\Visual Studio 2019\RumblarD8\RumblarD8\tin.cpp(1,1): warning C4828: The file contains a character starting at offset 0x58d2 that is illegal in the current source character set (codepage 65001).
C:\Users\tic144\Documents\Visual Studio 2019\RumblarD8\RumblarD8\tin.cpp(1,1): warning C4828: The file contains a character starting at offset 0x5b84 that is illegal in the current source character set (codepage 65001).
C:\Users\tic144\Documents\Visual Studio 2019\RumblarD8\RumblarD8\tin.cpp(1,1): warning C4828: The file contains a character starting at offset 0x5b94 that is illegal in the current source character set (codepage 65001).
C:\Users\tic144\Documents\Visual Studio 2019\RumblarD8\RumblarD8\tin.cpp(1,1): warning C4828: The file contains a character starting at offset 0x5c10 that is illegal in the current source character set (codepage 65001).
C:\Users\tic144\Documents\Visual Studio 2019\RumblarD8\RumblarD8\tin.cpp(1,1): warning C4828: The file contains a character starting at offset 0x5c1a that is illegal in the current source character set (codepage 65001).
C:\Users\tic144\Documents\Visual Studio 2019\RumblarD8\RumblarD8\tin.cpp(1,1): warning C4828: The file contains a character starting at offset 0x5c2b that is illegal in the current source character set (codepage 65001).
C:\Users\tic144\Documents\Visual Studio 2019\RumblarD8\RumblarD8\tin.cpp(1,1): warning C4828: The file contains a character starting at offset 0x5c4a that is illegal in the current source character set (codepage 65001).
C:\Users\tic144\Documents\Visual Studio 2019\RumblarD8\RumblarD8\tin.cpp(1,1): warning C4828: The file contains a character starting at offset 0x5c7a that is illegal in the current source character set (codepage 65001).
C:\Users\tic144\Documents\Visual Studio 2019\RumblarD8\RumblarD8\tin.cpp(1,1): warning C4828: The file contains a character starting at offset 0x5d25 that is illegal in the current source character set (codepage 65001).
C:\Users\tic144\Documents\Visual Studio 2019\RumblarD8\RumblarD8\tin.cpp(1,1): warning C4828: The file contains a character starting at offset 0x5d2f that is illegal in the current source character set (codepage 65001).
C:\Users\tic144\Documents\Visual Studio 2019\RumblarD8\RumblarD8\tin.cpp(1,1): warning C4828: The file contains a character starting at offset 0x5e0a that is illegal in the current source character set (codepage 65001).
C:\Users\tic144\Documents\Visual Studio 2019\RumblarD8\RumblarD8\tin.cpp(1,1): warning C4828: The file contains a character starting at offset 0x60d9 that is illegal in the current source character set (codepage 65001).
C:\Users\tic144\Documents\Visual Studio 2019\RumblarD8\RumblarD8\tin.cpp(1,1): warning C4828: The file contains a character starting at offset 0x64b9 that is illegal in the current source character set (codepage 65001).
C:\Users\tic144\Documents\Visual Studio 2019\RumblarD8\RumblarD8\tin.cpp(1,1): warning C4828: The file contains a character starting at offset 0x662c that is illegal in the current source character set (codepage 65001).
C:\Users\tic144\Documents\Visual Studio 2019\RumblarD8\RumblarD8\tin.cpp(1,1): warning C4828: The file contains a character starting at offset 0x66f0 that is illegal in the current source character set (codepage 65001).
C:\Users\tic144\Documents\Visual Studio 2019\RumblarD8\RumblarD8\tin.cpp(1,1): warning C4828: The file contains a character starting at offset 0x680d that is illegal in the current source character set (codepage 65001).
C:\Users\tic144\Documents\Visual Studio 2019\RumblarD8\RumblarD8\tin.cpp(1,1): warning C4828: The file contains a character starting at offset 0x6e27 that is illegal in the current source character set (codepage 65001).
C:\Users\tic144\Documents\Visual Studio 2019\RumblarD8\RumblarD8\tin.cpp(1,1): warning C4828: The file contains a character starting at offset 0x6f50 that is illegal in the current source character set (codepage 65001).
C:\Users\tic144\Documents\Visual Studio 2019\RumblarD8\RumblarD8\tin.cpp(1,1): warning C4828: The file contains a character starting at offset 0x6f6a that is illegal in the current source character set (codepage 65001).
C:\Users\tic144\Documents\Visual Studio 2019\RumblarD8\RumblarD8\tin.h(1,1): warning C4828: The file contains a character starting at offset 0x46 that is illegal in the current source character set (codepage 65001). (compiling source file tin.cpp)
C:\Users\tic144\Documents\Visual Studio 2019\RumblarD8\RumblarD8\tin.h(1,1): warning C4828: The file contains a character starting at offset 0xeb that is illegal in the current source character set (codepage 65001). (compiling source file tin.cpp)
C:\Users\tic144\Documents\Visual Studio 2019\RumblarD8\RumblarD8\tin.h(1,1): warning C4828: The file contains a character starting at offset 0xfa that is illegal in the current source character set (codepage 65001). (compiling source file tin.cpp)
C:\Users\tic144\Documents\Visual Studio 2019\RumblarD8\RumblarD8\tin.h(1,1): warning C4828: The file contains a character starting at offset 0x106 that is illegal in the current source character set (codepage 65001). (compiling source file tin.cpp)
C:\Users\tic144\Documents\Visual Studio 2019\RumblarD8\RumblarD8\tin.h(1,1): warning C4828: The file contains a character starting at offset 0x132 that is illegal in the current source character set (codepage 65001). (compiling source file tin.cpp)
C:\Users\tic144\Documents\Visual Studio 2019\RumblarD8\RumblarD8\tin.h(1,1): warning C4828: The file contains a character starting at offset 0x179 that is illegal in the current source character set (codepage 65001). (compiling source file tin.cpp)
C:\Users\tic144\Documents\Visual Studio 2019\RumblarD8\RumblarD8\tin.h(1,1): warning C4828: The file contains a character starting at offset 0x18c that is illegal in the current source character set (codepage 65001). (compiling source file tin.cpp)
C:\Users\tic144\Documents\Visual Studio 2019\RumblarD8\RumblarD8\tin.h(1,1): warning C4828: The file contains a character starting at offset 0x205 that is illegal in the current source character set (codepage 65001). (compiling source file tin.cpp)
C:\Users\tic144\Documents\Visual Studio 2019\RumblarD8\RumblarD8\tin.h(1,1): warning C4828: The file contains a character starting at offset 0x55f that is illegal in the current source character set (codepage 65001). (compiling source file tin.cpp)
C:\Users\tic144\Documents\Visual Studio 2019\RumblarD8\RumblarD8\tin.h(1,1): warning C4828: The file contains a character starting at offset 0x5dd that is illegal in the current source character set (codepage 65001). (compiling source file tin.cpp)
C:\Users\tic144\Documents\Visual Studio 2019\RumblarD8\RumblarD8\tin.h(1,1): warning C4828: The file contains a character starting at offset 0x5f9 that is illegal in the current source character set (codepage 65001). (compiling source file tin.cpp)
C:\Users\tic144\Documents\Visual Studio 2019\RumblarD8\RumblarD8\tin.h(1,1): warning C4828: The file contains a character starting at offset 0x617 that is illegal in the current source character set (codepage 65001). (compiling source file tin.cpp)
C:\Users\tic144\Documents\Visual Studio 2019\RumblarD8\RumblarD8\tin.h(1,1): warning C4828: The file contains a character starting at offset 0x712 that is illegal in the current source character set (codepage 65001). (compiling source file tin.cpp)
C:\Users\tic144\Documents\Visual Studio 2019\RumblarD8\RumblarD8\tin.h(1,1): warning C4828: The file contains a character starting at offset 0x781 that is illegal in the current source character set (codepage 65001). (compiling source file tin.cpp)
C:\Users\tic144\Documents\Visual Studio 2019\RumblarD8\RumblarD8\tin.h(1,1): warning C4828: The file contains a character starting at offset 0x879 that is illegal in the current source character set (codepage 65001). (compiling source file tin.cpp)
C:\Users\tic144\Documents\Visual Studio 2019\RumblarD8\RumblarD8\tin.h(1,1): warning C4828: The file contains a character starting at offset 0x895 that is illegal in the current source character set (codepage 65001). (compiling source file tin.cpp)
C:\Users\tic144\Documents\Visual Studio 2019\RumblarD8\RumblarD8\tin.h(1,1): warning C4828: The file contains a character starting at offset 0x901 that is illegal in the current source character set (codepage 65001). (compiling source file tin.cpp)
C:\Users\tic144\Documents\Visual Studio 2019\RumblarD8\RumblarD8\tin.h(1,1): warning C4828: The file contains a character starting at offset 0x91b that is illegal in the current source character set (codepage 65001). (compiling source file tin.cpp)
C:\Users\tic144\Documents\Visual Studio 2019\RumblarD8\RumblarD8\tin.h(1,1): warning C4828: The file contains a character starting at offset 0xa4e that is illegal in the current source character set (codepage 65001). (compiling source file tin.cpp)
C:\Users\tic144\Documents\Visual Studio 2019\RumblarD8\RumblarD8\tin.h(1,1): warning C4828: The file contains a character starting at offset 0xa55 that is illegal in the current source character set (codepage 65001). (compiling source file tin.cpp)
C:\Users\tic144\Documents\Visual Studio 2019\RumblarD8\RumblarD8\grid.h(1,1): warning C4828: The file contains a character starting at offset 0x683 that is illegal in the current source character set (codepage 65001). (compiling source file tipos.cpp)
C:\Users\tic144\Documents\Visual Studio 2019\RumblarD8\RumblarD8\grid.h(1,1): warning C4828: The file contains a character starting at offset 0x6c7 that is illegal in the current source character set (codepage 65001). (compiling source file tipos.cpp)
C:\Users\tic144\Documents\Visual Studio 2019\RumblarD8\RumblarD8\grid.h(1,1): warning C4828: The file contains a character starting at offset 0x88d that is illegal in the current source character set (codepage 65001). (compiling source file tipos.cpp)
C:\Users\tic144\Documents\Visual Studio 2019\RumblarD8\RumblarD8\grid.h(1,1): warning C4828: The file contains a character starting at offset 0xa46 that is illegal in the current source character set (codepage 65001). (compiling source file tipos.cpp)
C:\Users\tic144\Documents\Visual Studio 2019\RumblarD8\RumblarD8\grid.h(1,1): warning C4828: The file contains a character starting at offset 0xa92 that is illegal in the current source character set (codepage 65001). (compiling source file tipos.cpp)
C:\Users\tic144\Documents\Visual Studio 2019\RumblarD8\RumblarD8\grid.h(1,1): warning C4828: The file contains a character starting at offset 0xaff that is illegal in the current source character set (codepage 65001). (compiling source file tipos.cpp)
C:\Users\tic144\Documents\Visual Studio 2019\RumblarD8\RumblarD8\grid.h(1,1): warning C4828: The file contains a character starting at offset 0xb12 that is illegal in the current source character set (codepage 65001). (compiling source file tipos.cpp)
C:\Users\tic144\Documents\Visual Studio 2019\RumblarD8\RumblarD8\grid.h(1,1): warning C4828: The file contains a character starting at offset 0xb36 that is illegal in the current source character set (codepage 65001). (compiling source file tipos.cpp)
C:\Users\tic144\Documents\Visual Studio 2019\RumblarD8\RumblarD8\grid.h(1,1): warning C4828: The file contains a character starting at offset 0xbcd that is illegal in the current source character set (codepage 65001). (compiling source file tipos.cpp)
C:\Users\tic144\Documents\Visual Studio 2019\RumblarD8\RumblarD8\grid.h(1,1): warning C4828: The file contains a character starting at offset 0xd4e that is illegal in the current source character set (codepage 65001). (compiling source file tipos.cpp)
C:\Users\tic144\Documents\Visual Studio 2019\RumblarD8\RumblarD8\grid.h(1,1): warning C4828: The file contains a character starting at offset 0xead that is illegal in the current source character set (codepage 65001). (compiling source file tipos.cpp)
C:\Users\tic144\Documents\Visual Studio 2019\RumblarD8\RumblarD8\grid.h(1,1): warning C4828: The file contains a character starting at offset 0xf07 that is illegal in the current source character set (codepage 65001). (compiling source file tipos.cpp)
C:\Users\tic144\Documents\Visual Studio 2019\RumblarD8\RumblarD8\grid.h(1,1): warning C4828: The file contains a character starting at offset 0xfc6 that is illegal in the current source character set (codepage 65001). (compiling source file tipos.cpp)
C:\Users\tic144\Documents\Visual Studio 2019\RumblarD8\RumblarD8\grid.h(1,1): warning C4828: The file contains a character starting at offset 0x1193 that is illegal in the current source character set (codepage 65001). (compiling source file tipos.cpp)
C:\Users\tic144\Documents\Visual Studio 2019\RumblarD8\RumblarD8\grid.h(1,1): warning C4828: The file contains a character starting at offset 0x11b9 that is illegal in the current source character set (codepage 65001). (compiling source file tipos.cpp)
C:\Users\tic144\Documents\Visual Studio 2019\RumblarD8\RumblarD8\grid.h(1,1): warning C4828: The file contains a character starting at offset 0x137f that is illegal in the current source character set (codepage 65001). (compiling source file tipos.cpp)
C:\Users\tic144\Documents\Visual Studio 2019\RumblarD8\RumblarD8\grid.h(1,1): warning C4828: The file contains a character starting at offset 0x1388 that is illegal in the current source character set (codepage 65001). (compiling source file tipos.cpp)
C:\Users\tic144\Documents\Visual Studio 2019\RumblarD8\RumblarD8\grid.h(1,1): warning C4828: The file contains a character starting at offset 0x140a that is illegal in the current source character set (codepage 65001). (compiling source file tipos.cpp)
C:\Users\tic144\Documents\Visual Studio 2019\RumblarD8\RumblarD8\tin.cpp(591,1): warning C4828: The file contains a character starting at offset 0x7676 that is illegal in the current source character set (codepage 65001).
C:\Users\tic144\Documents\Visual Studio 2019\RumblarD8\RumblarD8\tin.cpp(591,1): warning C4828: The file contains a character starting at offset 0x7685 that is illegal in the current source character set (codepage 65001).
C:\Users\tic144\Documents\Visual Studio 2019\RumblarD8\RumblarD8\tin.cpp(591,1): warning C4828: The file contains a character starting at offset 0x7c63 that is illegal in the current source character set (codepage 65001).
C:\Users\tic144\Documents\Visual Studio 2019\RumblarD8\RumblarD8\grid.h(1,1): warning C4828: The file contains a character starting at offset 0x683 that is illegal in the current source character set (codepage 65001). (compiling source file grid.cpp)
C:\Users\tic144\Documents\Visual Studio 2019\RumblarD8\RumblarD8\grid.h(1,1): warning C4828: The file contains a character starting at offset 0x6c7 that is illegal in the current source character set (codepage 65001). (compiling source file grid.cpp)
C:\Users\tic144\Documents\Visual Studio 2019\RumblarD8\RumblarD8\grid.h(1,1): warning C4828: The file contains a character starting at offset 0x88d that is illegal in the current source character set (codepage 65001). (compiling source file grid.cpp)
C:\Users\tic144\Documents\Visual Studio 2019\RumblarD8\RumblarD8\grid.h(1,1): warning C4828: The file contains a character starting at offset 0xa46 that is illegal in the current source character set (codepage 65001). (compiling source file grid.cpp)
C:\Users\tic144\Documents\Visual Studio 2019\RumblarD8\RumblarD8\grid.h(1,1): warning C4828: The file contains a character starting at offset 0xa92 that is illegal in the current source character set (codepage 65001). (compiling source file grid.cpp)
C:\Users\tic144\Documents\Visual Studio 2019\RumblarD8\RumblarD8\grid.h(1,1): warning C4828: The file contains a character starting at offset 0xaff that is illegal in the current source character set (codepage 65001). (compiling source file grid.cpp)
C:\Users\tic144\Documents\Visual Studio 2019\RumblarD8\RumblarD8\grid.h(1,1): warning C4828: The file contains a character starting at offset 0xb12 that is illegal in the current source character set (codepage 65001). (compiling source file grid.cpp)
C:\Users\tic144\Documents\Visual Studio 2019\RumblarD8\RumblarD8\grid.h(1,1): warning C4828: The file contains a character starting at offset 0xb36 that is illegal in the current source character set (codepage 65001). (compiling source file grid.cpp)
C:\Users\tic144\Documents\Visual Studio 2019\RumblarD8\RumblarD8\grid.h(1,1): warning C4828: The file contains a character starting at offset 0xbcd that is illegal in the current source character set (codepage 65001). (compiling source file grid.cpp)
C:\Users\tic144\Documents\Visual Studio 2019\RumblarD8\RumblarD8\grid.h(1,1): warning C4828: The file contains a character starting at offset 0xd4e that is illegal in the current source character set (codepage 65001). (compiling source file grid.cpp)
C:\Users\tic144\Documents\Visual Studio 2019\RumblarD8\RumblarD8\grid.h(1,1): warning C4828: The file contains a character starting at offset 0xead that is illegal in the current source character set (codepage 65001). (compiling source file grid.cpp)
C:\Users\tic144\Documents\Visual Studio 2019\RumblarD8\RumblarD8\grid.h(1,1): warning C4828: The file contains a character starting at offset 0xf07 that is illegal in the current source character set (codepage 65001). (compiling source file grid.cpp)
C:\Users\tic144\Documents\Visual Studio 2019\RumblarD8\RumblarD8\grid.h(1,1): warning C4828: The file contains a character starting at offset 0xfc6 that is illegal in the current source character set (codepage 65001). (compiling source file grid.cpp)
C:\Users\tic144\Documents\Visual Studio 2019\RumblarD8\RumblarD8\grid.h(1,1): warning C4828: The file contains a character starting at offset 0x1193 that is illegal in the current source character set (codepage 65001). (compiling source file grid.cpp)
C:\Users\tic144\Documents\Visual Studio 2019\RumblarD8\RumblarD8\grid.h(1,1): warning C4828: The file contains a character starting at offset 0x11b9 that is illegal in the current source character set (codepage 65001). (compiling source file grid.cpp)
C:\Users\tic144\Documents\Visual Studio 2019\RumblarD8\RumblarD8\grid.h(1,1): warning C4828: The file contains a character starting at offset 0x137f that is illegal in the current source character set (codepage 65001). (compiling source file grid.cpp)
C:\Users\tic144\Documents\Visual Studio 2019\RumblarD8\RumblarD8\grid.h(1,1): warning C4828: The file contains a character starting at offset 0x1388 that is illegal in the current source character set (codepage 65001). (compiling source file grid.cpp)
C:\Users\tic144\Documents\Visual Studio 2019\RumblarD8\RumblarD8\grid.h(1,1): warning C4828: The file contains a character starting at offset 0x140a that is illegal in the current source character set (codepage 65001). (compiling source file grid.cpp)
C:\Users\tic144\Documents\Visual Studio 2019\RumblarD8\RumblarD8\ui_RumblarD8.h(1,1): warning C4828: The file contains a character starting at offset 0x902 that is illegal in the current source character set (codepage 65001). (compiling source file main.cpp)
C:\Users\tic144\Documents\Visual Studio 2019\RumblarD8\RumblarD8\ui_RumblarD8.h(1,1): warning C4828: The file contains a character starting at offset 0x902 that is illegal in the current source character set (codepage 65001). (compiling source file RumblarD8.cpp)
C:\Users\tic144\Documents\Visual Studio 2019\RumblarD8\RumblarD8\grid.h(1,1): warning C4828: The file contains a character starting at offset 0x683 that is illegal in the current source character set (codepage 65001). (compiling source file main.cpp)
C:\Users\tic144\Documents\Visual Studio 2019\RumblarD8\RumblarD8\grid.h(1,1): warning C4828: The file contains a character starting at offset 0x6c7 that is illegal in the current source character set (codepage 65001). (compiling source file main.cpp)
C:\Users\tic144\Documents\Visual Studio 2019\RumblarD8\RumblarD8\grid.h(1,1): warning C4828: The file contains a character starting at offset 0x88d that is illegal in the current source character set (codepage 65001). (compiling source file main.cpp)
C:\Users\tic144\Documents\Visual Studio 2019\RumblarD8\RumblarD8\grid.h(1,1): warning C4828: The file contains a character starting at offset 0xa46 that is illegal in the current source character set (codepage 65001). (compiling source file main.cpp)
C:\Users\tic144\Documents\Visual Studio 2019\RumblarD8\RumblarD8\grid.h(1,1): warning C4828: The file contains a character starting at offset 0xa92 that is illegal in the current source character set (codepage 65001). (compiling source file main.cpp)
C:\Users\tic144\Documents\Visual Studio 2019\RumblarD8\RumblarD8\grid.h(1,1): warning C4828: The file contains a character starting at offset 0xaff that is illegal in the current source character set (codepage 65001). (compiling source file main.cpp)
C:\Users\tic144\Documents\Visual Studio 2019\RumblarD8\RumblarD8\grid.h(1,1): warning C4828: The file contains a character starting at offset 0xb12 that is illegal in the current source character set (codepage 65001). (compiling source file main.cpp)
C:\Users\tic144\Documents\Visual Studio 2019\RumblarD8\RumblarD8\grid.h(1,1): warning C4828: The file contains a character starting at offset 0xb36 that is illegal in the current source character set (codepage 65001). (compiling source file main.cpp)
C:\Users\tic144\Documents\Visual Studio 2019\RumblarD8\RumblarD8\grid.h(1,1): warning C4828: The file contains a character starting at offset 0xbcd that is illegal in the current source character set (codepage 65001). (compiling source file main.cpp)
C:\Users\tic144\Documents\Visual Studio 2019\RumblarD8\RumblarD8\grid.h(1,1): warning C4828: The file contains a character starting at offset 0xd4e that is illegal in the current source character set (codepage 65001). (compiling source file main.cpp)
C:\Users\tic144\Documents\Visual Studio 2019\RumblarD8\RumblarD8\grid.h(1,1): warning C4828: The file contains a character starting at offset 0xead that is illegal in the current source character set (codepage 65001). (compiling source file main.cpp)
C:\Users\tic144\Documents\Visual Studio 2019\RumblarD8\RumblarD8\grid.h(1,1): warning C4828: The file contains a character starting at offset 0xf07 that is illegal in the current source character set (codepage 65001). (compiling source file main.cpp)
C:\Users\tic144\Documents\Visual Studio 2019\RumblarD8\RumblarD8\grid.h(1,1): warning C4828: The file contains a character starting at offset 0xfc6 that is illegal in the current source character set (codepage 65001). (compiling source file main.cpp)
C:\Users\tic144\Documents\Visual Studio 2019\RumblarD8\RumblarD8\grid.h(1,1): warning C4828: The file contains a character starting at offset 0x1193 that is illegal in the current source character set (codepage 65001). (compiling source file main.cpp)
C:\Users\tic144\Documents\Visual Studio 2019\RumblarD8\RumblarD8\grid.h(1,1): warning C4828: The file contains a character starting at offset 0x11b9 that is illegal in the current source character set (codepage 65001). (compiling source file main.cpp)
C:\Users\tic144\Documents\Visual Studio 2019\RumblarD8\RumblarD8\grid.h(1,1): warning C4828: The file contains a character starting at offset 0x137f that is illegal in the current source character set (codepage 65001). (compiling source file main.cpp)
C:\Users\tic144\Documents\Visual Studio 2019\RumblarD8\RumblarD8\grid.h(1,1): warning C4828: The file contains a character starting at offset 0x1388 that is illegal in the current source character set (codepage 65001). (compiling source file main.cpp)
C:\Users\tic144\Documents\Visual Studio 2019\RumblarD8\RumblarD8\grid.h(1,1): warning C4828: The file contains a character starting at offset 0x140a that is illegal in the current source character set (codepage 65001). (compiling source file main.cpp)
C:\Users\tic144\Documents\Visual Studio 2019\RumblarD8\RumblarD8\grid.h(1,1): warning C4828: The file contains a character starting at offset 0x683 that is illegal in the current source character set (codepage 65001). (compiling source file RumblarD8.cpp)
C:\Users\tic144\Documents\Visual Studio 2019\RumblarD8\RumblarD8\grid.h(1,1): warning C4828: The file contains a character starting at offset 0x6c7 that is illegal in the current source character set (codepage 65001). (compiling source file RumblarD8.cpp)
C:\Users\tic144\Documents\Visual Studio 2019\RumblarD8\RumblarD8\grid.h(1,1): warning C4828: The file contains a character starting at offset 0x88d that is illegal in the current source character set (codepage 65001). (compiling source file RumblarD8.cpp)
C:\Users\tic144\Documents\Visual Studio 2019\RumblarD8\RumblarD8\grid.h(1,1): warning C4828: The file contains a character starting at offset 0xa46 that is illegal in the current source character set (codepage 65001). (compiling source file RumblarD8.cpp)
C:\Users\tic144\Documents\Visual Studio 2019\RumblarD8\RumblarD8\grid.h(1,1): warning C4828: The file contains a character starting at offset 0xa92 that is illegal in the current source character set (codepage 65001). (compiling source file RumblarD8.cpp)
C:\Users\tic144\Documents\Visual Studio 2019\RumblarD8\RumblarD8\grid.h(1,1): warning C4828: The file contains a character starting at offset 0xaff that is illegal in the current source character set (codepage 65001). (compiling source file RumblarD8.cpp)
C:\Users\tic144\Documents\Visual Studio 2019\RumblarD8\RumblarD8\grid.h(1,1): warning C4828: The file contains a character starting at offset 0xb12 that is illegal in the current source character set (codepage 65001). (compiling source file RumblarD8.cpp)
C:\Users\tic144\Documents\Visual Studio 2019\RumblarD8\RumblarD8\grid.h(1,1): warning C4828: The file contains a character starting at offset 0xb36 that is illegal in the current source character set (codepage 65001). (compiling source file RumblarD8.cpp)
C:\Users\tic144\Documents\Visual Studio 2019\RumblarD8\RumblarD8\grid.h(1,1): warning C4828: The file contains a character starting at offset 0xbcd that is illegal in the current source character set (codepage 65001). (compiling source file RumblarD8.cpp)
C:\Users\tic144\Documents\Visual Studio 2019\RumblarD8\RumblarD8\grid.h(1,1): warning C4828: The file contains a character starting at offset 0xd4e that is illegal in the current source character set (codepage 65001). (compiling source file RumblarD8.cpp)
C:\Users\tic144\Documents\Visual Studio 2019\RumblarD8\RumblarD8\grid.h(1,1): warning C4828: The file contains a character starting at offset 0xead that is illegal in the current source character set (codepage 65001). (compiling source file RumblarD8.cpp)
C:\Users\tic144\Documents\Visual Studio 2019\RumblarD8\RumblarD8\grid.h(1,1): warning C4828: The file contains a character starting at offset 0xf07 that is illegal in the current source character set (codepage 65001). (compiling source file RumblarD8.cpp)
C:\Users\tic144\Documents\Visual Studio 2019\RumblarD8\RumblarD8\grid.h(1,1): warning C4828: The file contains a character starting at offset 0xfc6 that is illegal in the current source character set (codepage 65001). (compiling source file RumblarD8.cpp)
C:\Users\tic144\Documents\Visual Studio 2019\RumblarD8\RumblarD8\grid.h(1,1): warning C4828: The file contains a character starting at offset 0x1193 that is illegal in the current source character set (codepage 65001). (compiling source file RumblarD8.cpp)
C:\Users\tic144\Documents\Visual Studio 2019\RumblarD8\RumblarD8\grid.h(1,1): warning C4828: The file contains a character starting at offset 0x11b9 that is illegal in the current source character set (codepage 65001). (compiling source file RumblarD8.cpp)
C:\Users\tic144\Documents\Visual Studio 2019\RumblarD8\RumblarD8\grid.h(1,1): warning C4828: The file contains a character starting at offset 0x137f that is illegal in the current source character set (codepage 65001). (compiling source file RumblarD8.cpp)
C:\Users\tic144\Documents\Visual Studio 2019\RumblarD8\RumblarD8\grid.h(1,1): warning C4828: The file contains a character starting at offset 0x1388 that is illegal in the current source character set (codepage 65001). (compiling source file RumblarD8.cpp)
C:\Users\tic144\Documents\Visual Studio 2019\RumblarD8\RumblarD8\grid.h(1,1): warning C4828: The file contains a character starting at offset 0x140a that is illegal in the current source character set (codepage 65001). (compiling source file RumblarD8.cpp)
C:\Users\tic144\Documents\Visual Studio 2019\RumblarD8\RumblarD8\tin.h(1,1): warning C4828: The file contains a character starting at offset 0x46 that is illegal in the current source character set (codepage 65001). (compiling source file main.cpp)
C:\Users\tic144\Documents\Visual Studio 2019\RumblarD8\RumblarD8\tin.h(1,1): warning C4828: The file contains a character starting at offset 0xeb that is illegal in the current source character set (codepage 65001). (compiling source file main.cpp)
C:\Users\tic144\Documents\Visual Studio 2019\RumblarD8\RumblarD8\tin.h(1,1): warning C4828: The file contains a character starting at offset 0xfa that is illegal in the current source character set (codepage 65001). (compiling source file main.cpp)
C:\Users\tic144\Documents\Visual Studio 2019\RumblarD8\RumblarD8\tin.h(1,1): warning C4828: The file contains a character starting at offset 0x106 that is illegal in the current source character set (codepage 65001). (compiling source file main.cpp)
C:\Users\tic144\Documents\Visual Studio 2019\RumblarD8\RumblarD8\tin.h(1,1): warning C4828: The file contains a character starting at offset 0x132 that is illegal in the current source character set (codepage 65001). (compiling source file main.cpp)
C:\Users\tic144\Documents\Visual Studio 2019\RumblarD8\RumblarD8\tin.h(1,1): warning C4828: The file contains a character starting at offset 0x179 that is illegal in the current source character set (codepage 65001). (compiling source file main.cpp)
C:\Users\tic144\Documents\Visual Studio 2019\RumblarD8\RumblarD8\tin.h(1,1): warning C4828: The file contains a character starting at offset 0x18c that is illegal in the current source character set (codepage 65001). (compiling source file main.cpp)
C:\Users\tic144\Documents\Visual Studio 2019\RumblarD8\RumblarD8\tin.h(1,1): warning C4828: The file contains a character starting at offset 0x205 that is illegal in the current source character set (codepage 65001). (compiling source file main.cpp)
C:\Users\tic144\Documents\Visual Studio 2019\RumblarD8\RumblarD8\tin.h(1,1): warning C4828: The file contains a character starting at offset 0x55f that is illegal in the current source character set (codepage 65001). (compiling source file main.cpp)
C:\Users\tic144\Documents\Visual Studio 2019\RumblarD8\RumblarD8\tin.h(1,1): warning C4828: The file contains a character starting at offset 0x5dd that is illegal in the current source character set (codepage 65001). (compiling source file main.cpp)
C:\Users\tic144\Documents\Visual Studio 2019\RumblarD8\RumblarD8\tin.h(1,1): warning C4828: The file contains a character starting at offset 0x5f9 that is illegal in the current source character set (codepage 65001). (compiling source file main.cpp)
C:\Users\tic144\Documents\Visual Studio 2019\RumblarD8\RumblarD8\tin.h(1,1): warning C4828: The file contains a character starting at offset 0x617 that is illegal in the current source character set (codepage 65001). (compiling source file main.cpp)
C:\Users\tic144\Documents\Visual Studio 2019\RumblarD8\RumblarD8\tin.h(1,1): warning C4828: The file contains a character starting at offset 0x712 that is illegal in the current source character set (codepage 65001). (compiling source file main.cpp)
C:\Users\tic144\Documents\Visual Studio 2019\RumblarD8\RumblarD8\tin.h(1,1): warning C4828: The file contains a character starting at offset 0x781 that is illegal in the current source character set (codepage 65001). (compiling source file main.cpp)
C:\Users\tic144\Documents\Visual Studio 2019\RumblarD8\RumblarD8\tin.h(1,1): warning C4828: The file contains a character starting at offset 0x879 that is illegal in the current source character set (codepage 65001). (compiling source file main.cpp)
C:\Users\tic144\Documents\Visual Studio 2019\RumblarD8\RumblarD8\tin.h(1,1): warning C4828: The file contains a character starting at offset 0x895 that is illegal in the current source character set (codepage 65001). (compiling source file main.cpp)
C:\Users\tic144\Documents\Visual Studio 2019\RumblarD8\RumblarD8\tin.h(1,1): warning C4828: The file contains a character starting at offset 0x901 that is illegal in the current source character set (codepage 65001). (compiling source file main.cpp)
C:\Users\tic144\Documents\Visual Studio 2019\RumblarD8\RumblarD8\tin.h(1,1): warning C4828: The file contains a character starting at offset 0x91b that is illegal in the current source character set (codepage 65001). (compiling source file main.cpp)
C:\Users\tic144\Documents\Visual Studio 2019\RumblarD8\RumblarD8\tin.h(1,1): warning C4828: The file contains a character starting at offset 0xa4e that is illegal in the current source character set (codepage 65001). (compiling source file main.cpp)
C:\Users\tic144\Documents\Visual Studio 2019\RumblarD8\RumblarD8\tin.h(1,1): warning C4828: The file contains a character starting at offset 0xa55 that is illegal in the current source character set (codepage 65001). (compiling source file main.cpp)
C:\Users\tic144\Documents\Visual Studio 2019\RumblarD8\RumblarD8\hgtloader.h(1,1): warning C4828: The file contains a character starting at offset 0x114 that is illegal in the current source character set (codepage 65001). (compiling source file grid.cpp)
C:\Users\tic144\Documents\Visual Studio 2019\RumblarD8\RumblarD8\hgtloader.h(1,1): warning C4828: The file contains a character starting at offset 0x166 that is illegal in the current source character set (codepage 65001). (compiling source file grid.cpp)
C:\Users\tic144\Documents\Visual Studio 2019\RumblarD8\RumblarD8\grid.cpp(827,1): warning C4828: The file contains a character starting at offset 0x7be4 that is illegal in the current source character set (codepage 65001).
C:\Users\tic144\Documents\Visual Studio 2019\RumblarD8\RumblarD8\grid.cpp(827,1): warning C4828: The file contains a character starting at offset 0x7e42 that is illegal in the current source character set (codepage 65001).
C:\Users\tic144\Documents\Visual Studio 2019\RumblarD8\RumblarD8\grid.cpp(827,1): warning C4828: The file contains a character starting at offset 0x830d that is illegal in the current source character set (codepage 65001).
C:\Users\tic144\Documents\Visual Studio 2019\RumblarD8\RumblarD8\grid.cpp(561): warning C4715: 'gridDirCelda': not all control paths return a value
C:\Users\tic144\Documents\Visual Studio 2019\RumblarD8\RumblarD8\main.cpp(186): warning C4700: uninitialized local variable 'grid' used
  moc_RumblarD8.cpp
C:\Users\tic144\Documents\Visual Studio 2019\RumblarD8\RumblarD8\ui_RumblarD8.h(1,1): warning C4828: The file contains a character starting at offset 0x902 that is illegal in the current source character set (codepage 65001).
C:\Users\tic144\Documents\Visual Studio 2019\RumblarD8\RumblarD8\grid.h(1,1): warning C4828: The file contains a character starting at offset 0x683 that is illegal in the current source character set (codepage 65001).
C:\Users\tic144\Documents\Visual Studio 2019\RumblarD8\RumblarD8\grid.h(1,1): warning C4828: The file contains a character starting at offset 0x6c7 that is illegal in the current source character set (codepage 65001).
C:\Users\tic144\Documents\Visual Studio 2019\RumblarD8\RumblarD8\grid.h(1,1): warning C4828: The file contains a character starting at offset 0x88d that is illegal in the current source character set (codepage 65001).
C:\Users\tic144\Documents\Visual Studio 2019\RumblarD8\RumblarD8\grid.h(1,1): warning C4828: The file contains a character starting at offset 0xa46 that is illegal in the current source character set (codepage 65001).
C:\Users\tic144\Documents\Visual Studio 2019\RumblarD8\RumblarD8\grid.h(1,1): warning C4828: The file contains a character starting at offset 0xa92 that is illegal in the current source character set (codepage 65001).
C:\Users\tic144\Documents\Visual Studio 2019\RumblarD8\RumblarD8\grid.h(1,1): warning C4828: The file contains a character starting at offset 0xaff that is illegal in the current source character set (codepage 65001).
C:\Users\tic144\Documents\Visual Studio 2019\RumblarD8\RumblarD8\grid.h(1,1): warning C4828: The file contains a character starting at offset 0xb12 that is illegal in the current source character set (codepage 65001).
C:\Users\tic144\Documents\Visual Studio 2019\RumblarD8\RumblarD8\grid.h(1,1): warning C4828: The file contains a character starting at offset 0xb36 that is illegal in the current source character set (codepage 65001).
C:\Users\tic144\Documents\Visual Studio 2019\RumblarD8\RumblarD8\grid.h(1,1): warning C4828: The file contains a character starting at offset 0xbcd that is illegal in the current source character set (codepage 65001).
C:\Users\tic144\Documents\Visual Studio 2019\RumblarD8\RumblarD8\grid.h(1,1): warning C4828: The file contains a character starting at offset 0xd4e that is illegal in the current source character set (codepage 65001).
C:\Users\tic144\Documents\Visual Studio 2019\RumblarD8\RumblarD8\grid.h(1,1): warning C4828: The file contains a character starting at offset 0xead that is illegal in the current source character set (codepage 65001).
C:\Users\tic144\Documents\Visual Studio 2019\RumblarD8\RumblarD8\grid.h(1,1): warning C4828: The file contains a character starting at offset 0xf07 that is illegal in the current source character set (codepage 65001).
C:\Users\tic144\Documents\Visual Studio 2019\RumblarD8\RumblarD8\grid.h(1,1): warning C4828: The file contains a character starting at offset 0xfc6 that is illegal in the current source character set (codepage 65001).
C:\Users\tic144\Documents\Visual Studio 2019\RumblarD8\RumblarD8\grid.h(1,1): warning C4828: The file contains a character starting at offset 0x1193 that is illegal in the current source character set (codepage 65001).
C:\Users\tic144\Documents\Visual Studio 2019\RumblarD8\RumblarD8\grid.h(1,1): warning C4828: The file contains a character starting at offset 0x11b9 that is illegal in the current source character set (codepage 65001).
C:\Users\tic144\Documents\Visual Studio 2019\RumblarD8\RumblarD8\grid.h(1,1): warning C4828: The file contains a character starting at offset 0x137f that is illegal in the current source character set (codepage 65001).
C:\Users\tic144\Documents\Visual Studio 2019\RumblarD8\RumblarD8\grid.h(1,1): warning C4828: The file contains a character starting at offset 0x1388 that is illegal in the current source character set (codepage 65001).
C:\Users\tic144\Documents\Visual Studio 2019\RumblarD8\RumblarD8\grid.h(1,1): warning C4828: The file contains a character starting at offset 0x140a that is illegal in the current source character set (codepage 65001).
  RumblarD8.vcxproj -> C:\Users\tic144\Documents\Visual Studio 2019\RumblarD8\RumblarD8\x64\Release\RumblarD8.exe
