  Reading Qt configuration (C:/Qt/6.4.2/msvc2019_64/bin/qmake)
  uic RumblarD8.ui
  rcc RumblarD8.qrc
  moc RumblarD8.h
   RCC: Warning: No resources in 'C:\Users\tic144\Documents\Visual Studio 2019\RumblarD8\RumblarD8\RumblarD8.qrc'.
  grid.cpp
  hgtloader.cpp
  mates.cpp
  tin.cpp
  tipos.cpp
  RumblarD8.cpp
  main.cpp
C:\Users\tic144\Documents\Visual Studio 2019\RumblarD8\RumblarD8\main.cpp(1,1): warning C4828: El archivo contiene un carácter que comienza en el desplazamiento 0x182 y que no es válido en el juego de caracteres del origen actual (página de códigos 65001).
C:\Users\tic144\Documents\Visual Studio 2019\RumblarD8\RumblarD8\tin.cpp(1,1): warning C4828: El archivo contiene un carácter que comienza en el desplazamiento 0xb0f y que no es válido en el juego de caracteres del origen actual (página de códigos 65001).
C:\Users\tic144\Documents\Visual Studio 2019\RumblarD8\RumblarD8\main.cpp(1,1): warning C4828: El archivo contiene un carácter que comienza en el desplazamiento 0xc14 y que no es válido en el juego de caracteres del origen actual (página de códigos 65001).
C:\Users\tic144\Documents\Visual Studio 2019\RumblarD8\RumblarD8\tin.cpp(1,1): warning C4828: El archivo contiene un carácter que comienza en el desplazamiento 0xb5b y que no es válido en el juego de caracteres del origen actual (página de códigos 65001).
C:\Users\tic144\Documents\Visual Studio 2019\RumblarD8\RumblarD8\main.cpp(1,1): warning C4828: El archivo contiene un carácter que comienza en el desplazamiento 0x233b y que no es válido en el juego de caracteres del origen actual (página de códigos 65001).
C:\Users\tic144\Documents\Visual Studio 2019\RumblarD8\RumblarD8\tin.cpp(1,1): warning C4828: El archivo contiene un carácter que comienza en el desplazamiento 0xe27 y que no es válido en el juego de caracteres del origen actual (página de códigos 65001).
C:\Users\tic144\Documents\Visual Studio 2019\RumblarD8\RumblarD8\tin.cpp(1,1): warning C4828: El archivo contiene un carácter que comienza en el desplazamiento 0xe4f y que no es válido en el juego de caracteres del origen actual (página de códigos 65001).
C:\Users\tic144\Documents\Visual Studio 2019\RumblarD8\RumblarD8\tin.cpp(1,1): warning C4828: El archivo contiene un carácter que comienza en el desplazamiento 0xe62 y que no es válido en el juego de caracteres del origen actual (página de códigos 65001).
C:\Users\tic144\Documents\Visual Studio 2019\RumblarD8\RumblarD8\tin.cpp(1,1): warning C4828: El archivo contiene un carácter que comienza en el desplazamiento 0xf23 y que no es válido en el juego de caracteres del origen actual (página de códigos 65001).
C:\Users\tic144\Documents\Visual Studio 2019\RumblarD8\RumblarD8\grid.cpp(1,1): warning C4828: El archivo contiene un carácter que comienza en el desplazamiento 0x1179 y que no es válido en el juego de caracteres del origen actual (página de códigos 65001).
C:\Users\tic144\Documents\Visual Studio 2019\RumblarD8\RumblarD8\grid.cpp(1,1): warning C4828: El archivo contiene un carácter que comienza en el desplazamiento 0x12ae y que no es válido en el juego de caracteres del origen actual (página de códigos 65001).
C:\Users\tic144\Documents\Visual Studio 2019\RumblarD8\RumblarD8\tin.cpp(1,1): warning C4828: El archivo contiene un carácter que comienza en el desplazamiento 0xf37 y que no es válido en el juego de caracteres del origen actual (página de códigos 65001).
C:\Users\tic144\Documents\Visual Studio 2019\RumblarD8\RumblarD8\grid.cpp(1,1): warning C4828: El archivo contiene un carácter que comienza en el desplazamiento 0x157e y que no es válido en el juego de caracteres del origen actual (página de códigos 65001).
C:\Users\tic144\Documents\Visual Studio 2019\RumblarD8\RumblarD8\tin.cpp(1,1): warning C4828: El archivo contiene un carácter que comienza en el desplazamiento 0xf68 y que no es válido en el juego de caracteres del origen actual (página de códigos 65001).
C:\Users\tic144\Documents\Visual Studio 2019\RumblarD8\RumblarD8\grid.cpp(1,1): warning C4828: El archivo contiene un carácter que comienza en el desplazamiento 0x1e0f y que no es válido en el juego de caracteres del origen actual (página de códigos 65001).
C:\Users\tic144\Documents\Visual Studio 2019\RumblarD8\RumblarD8\tin.cpp(1,1): warning C4828: El archivo contiene un carácter que comienza en el desplazamiento 0xfa6 y que no es válido en el juego de caracteres del origen actual (página de códigos 65001).
C:\Users\tic144\Documents\Visual Studio 2019\RumblarD8\RumblarD8\grid.cpp(1,1): warning C4828: El archivo contiene un carácter que comienza en el desplazamiento 0x20e0 y que no es válido en el juego de caracteres del origen actual (página de códigos 65001).
C:\Users\tic144\Documents\Visual Studio 2019\RumblarD8\RumblarD8\tin.cpp(1,1): warning C4828: El archivo contiene un carácter que comienza en el desplazamiento 0x1203 y que no es válido en el juego de caracteres del origen actual (página de códigos 65001).
C:\Users\tic144\Documents\Visual Studio 2019\RumblarD8\RumblarD8\grid.cpp(1,1): warning C4828: El archivo contiene un carácter que comienza en el desplazamiento 0x2128 y que no es válido en el juego de caracteres del origen actual (página de códigos 65001).
C:\Users\tic144\Documents\Visual Studio 2019\RumblarD8\RumblarD8\tin.cpp(1,1): warning C4828: El archivo contiene un carácter que comienza en el desplazamiento 0x164e y que no es válido en el juego de caracteres del origen actual (página de códigos 65001).
C:\Users\tic144\Documents\Visual Studio 2019\RumblarD8\RumblarD8\grid.cpp(1,1): warning C4828: El archivo contiene un carácter que comienza en el desplazamiento 0x233b y que no es válido en el juego de caracteres del origen actual (página de códigos 65001).
C:\Users\tic144\Documents\Visual Studio 2019\RumblarD8\RumblarD8\tin.cpp(1,1): warning C4828: El archivo contiene un carácter que comienza en el desplazamiento 0x1664 y que no es válido en el juego de caracteres del origen actual (página de códigos 65001).
C:\Users\tic144\Documents\Visual Studio 2019\RumblarD8\RumblarD8\grid.cpp(1,1): warning C4828: El archivo contiene un carácter que comienza en el desplazamiento 0x2468 y que no es válido en el juego de caracteres del origen actual (página de códigos 65001).
C:\Users\tic144\Documents\Visual Studio 2019\RumblarD8\RumblarD8\tin.cpp(1,1): warning C4828: El archivo contiene un carácter que comienza en el desplazamiento 0x1667 y que no es válido en el juego de caracteres del origen actual (página de códigos 65001).
C:\Users\tic144\Documents\Visual Studio 2019\RumblarD8\RumblarD8\grid.cpp(1,1): warning C4828: El archivo contiene un carácter que comienza en el desplazamiento 0x24b0 y que no es válido en el juego de caracteres del origen actual (página de códigos 65001).
C:\Users\tic144\Documents\Visual Studio 2019\RumblarD8\RumblarD8\tin.cpp(1,1): warning C4828: El archivo contiene un carácter que comienza en el desplazamiento 0x1678 y que no es válido en el juego de caracteres del origen actual (página de códigos 65001).
C:\Users\tic144\Documents\Visual Studio 2019\RumblarD8\RumblarD8\grid.cpp(1,1): warning C4828: El archivo contiene un carácter que comienza en el desplazamiento 0x25e6 y que no es válido en el juego de caracteres del origen actual (página de códigos 65001).
C:\Users\tic144\Documents\Visual Studio 2019\RumblarD8\RumblarD8\tin.cpp(1,1): warning C4828: El archivo contiene un carácter que comienza en el desplazamiento 0x1693 y que no es válido en el juego de caracteres del origen actual (página de códigos 65001).
C:\Users\tic144\Documents\Visual Studio 2019\RumblarD8\RumblarD8\tin.cpp(1,1): warning C4828: El archivo contiene un carácter que comienza en el desplazamiento 0x16c9 y que no es válido en el juego de caracteres del origen actual (página de códigos 65001).
C:\Users\tic144\Documents\Visual Studio 2019\RumblarD8\RumblarD8\grid.cpp(1,1): warning C4828: El archivo contiene un carácter que comienza en el desplazamiento 0x299c y que no es válido en el juego de caracteres del origen actual (página de códigos 65001).
C:\Users\tic144\Documents\Visual Studio 2019\RumblarD8\RumblarD8\tin.cpp(1,1): warning C4828: El archivo contiene un carácter que comienza en el desplazamiento 0x18b7 y que no es válido en el juego de caracteres del origen actual (página de códigos 65001).
C:\Users\tic144\Documents\Visual Studio 2019\RumblarD8\RumblarD8\grid.cpp(1,1): warning C4828: El archivo contiene un carácter que comienza en el desplazamiento 0x2f32 y que no es válido en el juego de caracteres del origen actual (página de códigos 65001).
C:\Users\tic144\Documents\Visual Studio 2019\RumblarD8\RumblarD8\tin.cpp(1,1): warning C4828: El archivo contiene un carácter que comienza en el desplazamiento 0x18d2 y que no es válido en el juego de caracteres del origen actual (página de códigos 65001).
C:\Users\tic144\Documents\Visual Studio 2019\RumblarD8\RumblarD8\grid.cpp(1,1): warning C4828: El archivo contiene un carácter que comienza en el desplazamiento 0x30d4 y que no es válido en el juego de caracteres del origen actual (página de códigos 65001).
C:\Users\tic144\Documents\Visual Studio 2019\RumblarD8\RumblarD8\tin.cpp(1,1): warning C4828: El archivo contiene un carácter que comienza en el desplazamiento 0x18d5 y que no es válido en el juego de caracteres del origen actual (página de códigos 65001).
C:\Users\tic144\Documents\Visual Studio 2019\RumblarD8\RumblarD8\grid.cpp(1,1): warning C4828: El archivo contiene un carácter que comienza en el desplazamiento 0x4b17 y que no es válido en el juego de caracteres del origen actual (página de códigos 65001).
C:\Users\tic144\Documents\Visual Studio 2019\RumblarD8\RumblarD8\tin.cpp(1,1): warning C4828: El archivo contiene un carácter que comienza en el desplazamiento 0x18e6 y que no es válido en el juego de caracteres del origen actual (página de códigos 65001).
C:\Users\tic144\Documents\Visual Studio 2019\RumblarD8\RumblarD8\grid.cpp(1,1): warning C4828: El archivo contiene un carácter que comienza en el desplazamiento 0x4b27 y que no es válido en el juego de caracteres del origen actual (página de códigos 65001).
C:\Users\tic144\Documents\Visual Studio 2019\RumblarD8\RumblarD8\tin.cpp(1,1): warning C4828: El archivo contiene un carácter que comienza en el desplazamiento 0x1901 y que no es válido en el juego de caracteres del origen actual (página de códigos 65001).
C:\Users\tic144\Documents\Visual Studio 2019\RumblarD8\RumblarD8\grid.cpp(1,1): warning C4828: El archivo contiene un carácter que comienza en el desplazamiento 0x5369 y que no es válido en el juego de caracteres del origen actual (página de códigos 65001).
C:\Users\tic144\Documents\Visual Studio 2019\RumblarD8\RumblarD8\tin.cpp(1,1): warning C4828: El archivo contiene un carácter que comienza en el desplazamiento 0x193a y que no es válido en el juego de caracteres del origen actual (página de códigos 65001).
C:\Users\tic144\Documents\Visual Studio 2019\RumblarD8\RumblarD8\grid.cpp(1,1): warning C4828: El archivo contiene un carácter que comienza en el desplazamiento 0x56c8 y que no es válido en el juego de caracteres del origen actual (página de códigos 65001).
C:\Users\tic144\Documents\Visual Studio 2019\RumblarD8\RumblarD8\tin.cpp(1,1): warning C4828: El archivo contiene un carácter que comienza en el desplazamiento 0x1b03 y que no es válido en el juego de caracteres del origen actual (página de códigos 65001).
C:\Users\tic144\Documents\Visual Studio 2019\RumblarD8\RumblarD8\grid.cpp(1,1): warning C4828: El archivo contiene un carácter que comienza en el desplazamiento 0x57c2 y que no es válido en el juego de caracteres del origen actual (página de códigos 65001).
C:\Users\tic144\Documents\Visual Studio 2019\RumblarD8\RumblarD8\tin.cpp(1,1): warning C4828: El archivo contiene un carácter que comienza en el desplazamiento 0x1b0b y que no es válido en el juego de caracteres del origen actual (página de códigos 65001).
C:\Users\tic144\Documents\Visual Studio 2019\RumblarD8\RumblarD8\grid.cpp(1,1): warning C4828: El archivo contiene un carácter que comienza en el desplazamiento 0x585d y que no es válido en el juego de caracteres del origen actual (página de códigos 65001).
C:\Users\tic144\Documents\Visual Studio 2019\RumblarD8\RumblarD8\grid.cpp(1,1): warning C4828: El archivo contiene un carácter que comienza en el desplazamiento 0x59f2 y que no es válido en el juego de caracteres del origen actual (página de códigos 65001).
C:\Users\tic144\Documents\Visual Studio 2019\RumblarD8\RumblarD8\tin.cpp(1,1): warning C4828: El archivo contiene un carácter que comienza en el desplazamiento 0x3352 y que no es válido en el juego de caracteres del origen actual (página de códigos 65001).
C:\Users\tic144\Documents\Visual Studio 2019\RumblarD8\RumblarD8\grid.cpp(1,1): warning C4828: El archivo contiene un carácter que comienza en el desplazamiento 0x5d5e y que no es válido en el juego de caracteres del origen actual (página de códigos 65001).
C:\Users\tic144\Documents\Visual Studio 2019\RumblarD8\RumblarD8\tin.cpp(1,1): warning C4828: El archivo contiene un carácter que comienza en el desplazamiento 0x3957 y que no es válido en el juego de caracteres del origen actual (página de códigos 65001).
C:\Users\tic144\Documents\Visual Studio 2019\RumblarD8\RumblarD8\grid.cpp(1,1): warning C4828: El archivo contiene un carácter que comienza en el desplazamiento 0x5f03 y que no es válido en el juego de caracteres del origen actual (página de códigos 65001).
C:\Users\tic144\Documents\Visual Studio 2019\RumblarD8\RumblarD8\tin.cpp(1,1): warning C4828: El archivo contiene un carácter que comienza en el desplazamiento 0x3d26 y que no es válido en el juego de caracteres del origen actual (página de códigos 65001).
C:\Users\tic144\Documents\Visual Studio 2019\RumblarD8\RumblarD8\grid.cpp(1,1): warning C4828: El archivo contiene un carácter que comienza en el desplazamiento 0x639a y que no es válido en el juego de caracteres del origen actual (página de códigos 65001).
C:\Users\tic144\Documents\Visual Studio 2019\RumblarD8\RumblarD8\tin.cpp(1,1): warning C4828: El archivo contiene un carácter que comienza en el desplazamiento 0x461e y que no es válido en el juego de caracteres del origen actual (página de códigos 65001).
C:\Users\tic144\Documents\Visual Studio 2019\RumblarD8\RumblarD8\grid.cpp(1,1): warning C4828: El archivo contiene un carácter que comienza en el desplazamiento 0x63ae y que no es válido en el juego de caracteres del origen actual (página de códigos 65001).
C:\Users\tic144\Documents\Visual Studio 2019\RumblarD8\RumblarD8\tin.cpp(1,1): warning C4828: El archivo contiene un carácter que comienza en el desplazamiento 0x46e4 y que no es válido en el juego de caracteres del origen actual (página de códigos 65001).
C:\Users\tic144\Documents\Visual Studio 2019\RumblarD8\RumblarD8\tin.cpp(1,1): warning C4828: El archivo contiene un carácter que comienza en el desplazamiento 0x48d3 y que no es válido en el juego de caracteres del origen actual (página de códigos 65001).
C:\Users\tic144\Documents\Visual Studio 2019\RumblarD8\RumblarD8\tin.cpp(1,1): warning C4828: El archivo contiene un carácter que comienza en el desplazamiento 0x48e3 y que no es válido en el juego de caracteres del origen actual (página de códigos 65001).
C:\Users\tic144\Documents\Visual Studio 2019\RumblarD8\RumblarD8\tin.cpp(1,1): warning C4828: El archivo contiene un carácter que comienza en el desplazamiento 0x490a y que no es válido en el juego de caracteres del origen actual (página de códigos 65001).
C:\Users\tic144\Documents\Visual Studio 2019\RumblarD8\RumblarD8\tin.cpp(1,1): warning C4828: El archivo contiene un carácter que comienza en el desplazamiento 0x4914 y que no es válido en el juego de caracteres del origen actual (página de códigos 65001).
C:\Users\tic144\Documents\Visual Studio 2019\RumblarD8\RumblarD8\tin.cpp(1,1): warning C4828: El archivo contiene un carácter que comienza en el desplazamiento 0x4932 y que no es válido en el juego de caracteres del origen actual (página de códigos 65001).
C:\Users\tic144\Documents\Visual Studio 2019\RumblarD8\RumblarD8\tin.cpp(1,1): warning C4828: El archivo contiene un carácter que comienza en el desplazamiento 0x496d y que no es válido en el juego de caracteres del origen actual (página de códigos 65001).
C:\Users\tic144\Documents\Visual Studio 2019\RumblarD8\RumblarD8\tin.cpp(1,1): warning C4828: El archivo contiene un carácter que comienza en el desplazamiento 0x4c3d y que no es válido en el juego de caracteres del origen actual (página de códigos 65001).
C:\Users\tic144\Documents\Visual Studio 2019\RumblarD8\RumblarD8\tin.cpp(1,1): warning C4828: El archivo contiene un carácter que comienza en el desplazamiento 0x5005 y que no es válido en el juego de caracteres del origen actual (página de códigos 65001).
C:\Users\tic144\Documents\Visual Studio 2019\RumblarD8\RumblarD8\tin.cpp(1,1): warning C4828: El archivo contiene un carácter que comienza en el desplazamiento 0x5182 y que no es válido en el juego de caracteres del origen actual (página de códigos 65001).
C:\Users\tic144\Documents\Visual Studio 2019\RumblarD8\RumblarD8\tin.cpp(1,1): warning C4828: El archivo contiene un carácter que comienza en el desplazamiento 0x5269 y que no es válido en el juego de caracteres del origen actual (página de códigos 65001).
C:\Users\tic144\Documents\Visual Studio 2019\RumblarD8\RumblarD8\tin.cpp(1,1): warning C4828: El archivo contiene un carácter que comienza en el desplazamiento 0x5275 y que no es válido en el juego de caracteres del origen actual (página de códigos 65001).
C:\Users\tic144\Documents\Visual Studio 2019\RumblarD8\RumblarD8\tin.cpp(1,1): warning C4828: El archivo contiene un carácter que comienza en el desplazamiento 0x52da y que no es válido en el juego de caracteres del origen actual (página de códigos 65001).
C:\Users\tic144\Documents\Visual Studio 2019\RumblarD8\RumblarD8\tin.cpp(1,1): warning C4828: El archivo contiene un carácter que comienza en el desplazamiento 0x543e y que no es válido en el juego de caracteres del origen actual (página de códigos 65001).
C:\Users\tic144\Documents\Visual Studio 2019\RumblarD8\RumblarD8\tin.cpp(1,1): warning C4828: El archivo contiene un carácter que comienza en el desplazamiento 0x54d9 y que no es válido en el juego de caracteres del origen actual (página de códigos 65001).
C:\Users\tic144\Documents\Visual Studio 2019\RumblarD8\RumblarD8\tin.cpp(1,1): warning C4828: El archivo contiene un carácter que comienza en el desplazamiento 0x5537 y que no es válido en el juego de caracteres del origen actual (página de códigos 65001).
C:\Users\tic144\Documents\Visual Studio 2019\RumblarD8\RumblarD8\tin.cpp(1,1): warning C4828: El archivo contiene un carácter que comienza en el desplazamiento 0x58d2 y que no es válido en el juego de caracteres del origen actual (página de códigos 65001).
C:\Users\tic144\Documents\Visual Studio 2019\RumblarD8\RumblarD8\tin.cpp(1,1): warning C4828: El archivo contiene un carácter que comienza en el desplazamiento 0x5b84 y que no es válido en el juego de caracteres del origen actual (página de códigos 65001).
C:\Users\tic144\Documents\Visual Studio 2019\RumblarD8\RumblarD8\tin.cpp(1,1): warning C4828: El archivo contiene un carácter que comienza en el desplazamiento 0x5b94 y que no es válido en el juego de caracteres del origen actual (página de códigos 65001).
C:\Users\tic144\Documents\Visual Studio 2019\RumblarD8\RumblarD8\tin.cpp(1,1): warning C4828: El archivo contiene un carácter que comienza en el desplazamiento 0x5c10 y que no es válido en el juego de caracteres del origen actual (página de códigos 65001).
C:\Users\tic144\Documents\Visual Studio 2019\RumblarD8\RumblarD8\tin.cpp(1,1): warning C4828: El archivo contiene un carácter que comienza en el desplazamiento 0x5c1a y que no es válido en el juego de caracteres del origen actual (página de códigos 65001).
C:\Users\tic144\Documents\Visual Studio 2019\RumblarD8\RumblarD8\tin.cpp(1,1): warning C4828: El archivo contiene un carácter que comienza en el desplazamiento 0x5c2b y que no es válido en el juego de caracteres del origen actual (página de códigos 65001).
C:\Users\tic144\Documents\Visual Studio 2019\RumblarD8\RumblarD8\tin.cpp(1,1): warning C4828: El archivo contiene un carácter que comienza en el desplazamiento 0x5c4a y que no es válido en el juego de caracteres del origen actual (página de códigos 65001).
C:\Users\tic144\Documents\Visual Studio 2019\RumblarD8\RumblarD8\tin.cpp(1,1): warning C4828: El archivo contiene un carácter que comienza en el desplazamiento 0x5c7a y que no es válido en el juego de caracteres del origen actual (página de códigos 65001).
C:\Users\tic144\Documents\Visual Studio 2019\RumblarD8\RumblarD8\tin.cpp(1,1): warning C4828: El archivo contiene un carácter que comienza en el desplazamiento 0x5d25 y que no es válido en el juego de caracteres del origen actual (página de códigos 65001).
C:\Users\tic144\Documents\Visual Studio 2019\RumblarD8\RumblarD8\tin.cpp(1,1): warning C4828: El archivo contiene un carácter que comienza en el desplazamiento 0x5d2f y que no es válido en el juego de caracteres del origen actual (página de códigos 65001).
C:\Users\tic144\Documents\Visual Studio 2019\RumblarD8\RumblarD8\tin.cpp(1,1): warning C4828: El archivo contiene un carácter que comienza en el desplazamiento 0x5e0a y que no es válido en el juego de caracteres del origen actual (página de códigos 65001).
C:\Users\tic144\Documents\Visual Studio 2019\RumblarD8\RumblarD8\tin.cpp(1,1): warning C4828: El archivo contiene un carácter que comienza en el desplazamiento 0x60d9 y que no es válido en el juego de caracteres del origen actual (página de códigos 65001).
C:\Users\tic144\Documents\Visual Studio 2019\RumblarD8\RumblarD8\tin.cpp(1,1): warning C4828: El archivo contiene un carácter que comienza en el desplazamiento 0x64b9 y que no es válido en el juego de caracteres del origen actual (página de códigos 65001).
C:\Users\tic144\Documents\Visual Studio 2019\RumblarD8\RumblarD8\tin.cpp(1,1): warning C4828: El archivo contiene un carácter que comienza en el desplazamiento 0x662c y que no es válido en el juego de caracteres del origen actual (página de códigos 65001).
C:\Users\tic144\Documents\Visual Studio 2019\RumblarD8\RumblarD8\tin.cpp(1,1): warning C4828: El archivo contiene un carácter que comienza en el desplazamiento 0x66f0 y que no es válido en el juego de caracteres del origen actual (página de códigos 65001).
C:\Users\tic144\Documents\Visual Studio 2019\RumblarD8\RumblarD8\tin.cpp(1,1): warning C4828: El archivo contiene un carácter que comienza en el desplazamiento 0x680d y que no es válido en el juego de caracteres del origen actual (página de códigos 65001).
C:\Users\tic144\Documents\Visual Studio 2019\RumblarD8\RumblarD8\tin.cpp(1,1): warning C4828: El archivo contiene un carácter que comienza en el desplazamiento 0x6e27 y que no es válido en el juego de caracteres del origen actual (página de códigos 65001).
C:\Users\tic144\Documents\Visual Studio 2019\RumblarD8\RumblarD8\tin.cpp(1,1): warning C4828: El archivo contiene un carácter que comienza en el desplazamiento 0x6f50 y que no es válido en el juego de caracteres del origen actual (página de códigos 65001).
C:\Users\tic144\Documents\Visual Studio 2019\RumblarD8\RumblarD8\tin.cpp(1,1): warning C4828: El archivo contiene un carácter que comienza en el desplazamiento 0x6f6a y que no es válido en el juego de caracteres del origen actual (página de códigos 65001).
C:\Users\tic144\Documents\Visual Studio 2019\RumblarD8\RumblarD8\hgtloader.h(1,1): warning C4828: El archivo contiene un carácter que comienza en el desplazamiento 0x114 y que no es válido en el juego de caracteres del origen actual (página de códigos 65001). (compilando archivo de origen hgtloader.cpp)
C:\Users\tic144\Documents\Visual Studio 2019\RumblarD8\RumblarD8\hgtloader.h(1,1): warning C4828: El archivo contiene un carácter que comienza en el desplazamiento 0x166 y que no es válido en el juego de caracteres del origen actual (página de códigos 65001). (compilando archivo de origen hgtloader.cpp)
C:\Users\tic144\Documents\Visual Studio 2019\RumblarD8\RumblarD8\tin.h(1,1): warning C4828: El archivo contiene un carácter que comienza en el desplazamiento 0x46 y que no es válido en el juego de caracteres del origen actual (página de códigos 65001). (compilando archivo de origen tin.cpp)
C:\Users\tic144\Documents\Visual Studio 2019\RumblarD8\RumblarD8\tin.h(1,1): warning C4828: El archivo contiene un carácter que comienza en el desplazamiento 0xeb y que no es válido en el juego de caracteres del origen actual (página de códigos 65001). (compilando archivo de origen tin.cpp)
C:\Users\tic144\Documents\Visual Studio 2019\RumblarD8\RumblarD8\tin.h(1,1): warning C4828: El archivo contiene un carácter que comienza en el desplazamiento 0xfa y que no es válido en el juego de caracteres del origen actual (página de códigos 65001). (compilando archivo de origen tin.cpp)
C:\Users\tic144\Documents\Visual Studio 2019\RumblarD8\RumblarD8\tin.h(1,1): warning C4828: El archivo contiene un carácter que comienza en el desplazamiento 0x106 y que no es válido en el juego de caracteres del origen actual (página de códigos 65001). (compilando archivo de origen tin.cpp)
C:\Users\tic144\Documents\Visual Studio 2019\RumblarD8\RumblarD8\tin.h(1,1): warning C4828: El archivo contiene un carácter que comienza en el desplazamiento 0x132 y que no es válido en el juego de caracteres del origen actual (página de códigos 65001). (compilando archivo de origen tin.cpp)
C:\Users\tic144\Documents\Visual Studio 2019\RumblarD8\RumblarD8\tin.h(1,1): warning C4828: El archivo contiene un carácter que comienza en el desplazamiento 0x179 y que no es válido en el juego de caracteres del origen actual (página de códigos 65001). (compilando archivo de origen tin.cpp)
C:\Users\tic144\Documents\Visual Studio 2019\RumblarD8\RumblarD8\tin.h(1,1): warning C4828: El archivo contiene un carácter que comienza en el desplazamiento 0x18c y que no es válido en el juego de caracteres del origen actual (página de códigos 65001). (compilando archivo de origen tin.cpp)
C:\Users\tic144\Documents\Visual Studio 2019\RumblarD8\RumblarD8\tin.h(1,1): warning C4828: El archivo contiene un carácter que comienza en el desplazamiento 0x205 y que no es válido en el juego de caracteres del origen actual (página de códigos 65001). (compilando archivo de origen tin.cpp)
C:\Users\tic144\Documents\Visual Studio 2019\RumblarD8\RumblarD8\tin.h(1,1): warning C4828: El archivo contiene un carácter que comienza en el desplazamiento 0x55f y que no es válido en el juego de caracteres del origen actual (página de códigos 65001). (compilando archivo de origen tin.cpp)
C:\Users\tic144\Documents\Visual Studio 2019\RumblarD8\RumblarD8\tin.h(1,1): warning C4828: El archivo contiene un carácter que comienza en el desplazamiento 0x5dd y que no es válido en el juego de caracteres del origen actual (página de códigos 65001). (compilando archivo de origen tin.cpp)
C:\Users\tic144\Documents\Visual Studio 2019\RumblarD8\RumblarD8\tin.h(1,1): warning C4828: El archivo contiene un carácter que comienza en el desplazamiento 0x5f9 y que no es válido en el juego de caracteres del origen actual (página de códigos 65001). (compilando archivo de origen tin.cpp)
C:\Users\tic144\Documents\Visual Studio 2019\RumblarD8\RumblarD8\tin.h(1,1): warning C4828: El archivo contiene un carácter que comienza en el desplazamiento 0x617 y que no es válido en el juego de caracteres del origen actual (página de códigos 65001). (compilando archivo de origen tin.cpp)
C:\Users\tic144\Documents\Visual Studio 2019\RumblarD8\RumblarD8\tin.h(1,1): warning C4828: El archivo contiene un carácter que comienza en el desplazamiento 0x712 y que no es válido en el juego de caracteres del origen actual (página de códigos 65001). (compilando archivo de origen tin.cpp)
C:\Users\tic144\Documents\Visual Studio 2019\RumblarD8\RumblarD8\tin.h(1,1): warning C4828: El archivo contiene un carácter que comienza en el desplazamiento 0x781 y que no es válido en el juego de caracteres del origen actual (página de códigos 65001). (compilando archivo de origen tin.cpp)
C:\Users\tic144\Documents\Visual Studio 2019\RumblarD8\RumblarD8\tin.h(1,1): warning C4828: El archivo contiene un carácter que comienza en el desplazamiento 0x879 y que no es válido en el juego de caracteres del origen actual (página de códigos 65001). (compilando archivo de origen tin.cpp)
C:\Users\tic144\Documents\Visual Studio 2019\RumblarD8\RumblarD8\tin.h(1,1): warning C4828: El archivo contiene un carácter que comienza en el desplazamiento 0x895 y que no es válido en el juego de caracteres del origen actual (página de códigos 65001). (compilando archivo de origen tin.cpp)
C:\Users\tic144\Documents\Visual Studio 2019\RumblarD8\RumblarD8\tin.h(1,1): warning C4828: El archivo contiene un carácter que comienza en el desplazamiento 0x901 y que no es válido en el juego de caracteres del origen actual (página de códigos 65001). (compilando archivo de origen tin.cpp)
C:\Users\tic144\Documents\Visual Studio 2019\RumblarD8\RumblarD8\tin.h(1,1): warning C4828: El archivo contiene un carácter que comienza en el desplazamiento 0x91b y que no es válido en el juego de caracteres del origen actual (página de códigos 65001). (compilando archivo de origen tin.cpp)
C:\Users\tic144\Documents\Visual Studio 2019\RumblarD8\RumblarD8\tin.h(1,1): warning C4828: El archivo contiene un carácter que comienza en el desplazamiento 0xa4e y que no es válido en el juego de caracteres del origen actual (página de códigos 65001). (compilando archivo de origen tin.cpp)
C:\Users\tic144\Documents\Visual Studio 2019\RumblarD8\RumblarD8\tin.h(1,1): warning C4828: El archivo contiene un carácter que comienza en el desplazamiento 0xa55 y que no es válido en el juego de caracteres del origen actual (página de códigos 65001). (compilando archivo de origen tin.cpp)
C:\Users\tic144\Documents\Visual Studio 2019\RumblarD8\RumblarD8\grid.h(1,1): warning C4828: El archivo contiene un carácter que comienza en el desplazamiento 0x683 y que no es válido en el juego de caracteres del origen actual (página de códigos 65001). (compilando archivo de origen tipos.cpp)
C:\Users\tic144\Documents\Visual Studio 2019\RumblarD8\RumblarD8\grid.h(1,1): warning C4828: El archivo contiene un carácter que comienza en el desplazamiento 0x6c7 y que no es válido en el juego de caracteres del origen actual (página de códigos 65001). (compilando archivo de origen tipos.cpp)
C:\Users\tic144\Documents\Visual Studio 2019\RumblarD8\RumblarD8\grid.h(1,1): warning C4828: El archivo contiene un carácter que comienza en el desplazamiento 0x88d y que no es válido en el juego de caracteres del origen actual (página de códigos 65001). (compilando archivo de origen tipos.cpp)
C:\Users\tic144\Documents\Visual Studio 2019\RumblarD8\RumblarD8\grid.h(1,1): warning C4828: El archivo contiene un carácter que comienza en el desplazamiento 0xa46 y que no es válido en el juego de caracteres del origen actual (página de códigos 65001). (compilando archivo de origen tipos.cpp)
C:\Users\tic144\Documents\Visual Studio 2019\RumblarD8\RumblarD8\grid.h(1,1): warning C4828: El archivo contiene un carácter que comienza en el desplazamiento 0xa92 y que no es válido en el juego de caracteres del origen actual (página de códigos 65001). (compilando archivo de origen tipos.cpp)
C:\Users\tic144\Documents\Visual Studio 2019\RumblarD8\RumblarD8\grid.h(1,1): warning C4828: El archivo contiene un carácter que comienza en el desplazamiento 0xaff y que no es válido en el juego de caracteres del origen actual (página de códigos 65001). (compilando archivo de origen tipos.cpp)
C:\Users\tic144\Documents\Visual Studio 2019\RumblarD8\RumblarD8\grid.h(1,1): warning C4828: El archivo contiene un carácter que comienza en el desplazamiento 0xb12 y que no es válido en el juego de caracteres del origen actual (página de códigos 65001). (compilando archivo de origen tipos.cpp)
C:\Users\tic144\Documents\Visual Studio 2019\RumblarD8\RumblarD8\grid.h(1,1): warning C4828: El archivo contiene un carácter que comienza en el desplazamiento 0xb36 y que no es válido en el juego de caracteres del origen actual (página de códigos 65001). (compilando archivo de origen tipos.cpp)
C:\Users\tic144\Documents\Visual Studio 2019\RumblarD8\RumblarD8\grid.h(1,1): warning C4828: El archivo contiene un carácter que comienza en el desplazamiento 0xbcd y que no es válido en el juego de caracteres del origen actual (página de códigos 65001). (compilando archivo de origen tipos.cpp)
C:\Users\tic144\Documents\Visual Studio 2019\RumblarD8\RumblarD8\grid.h(1,1): warning C4828: El archivo contiene un carácter que comienza en el desplazamiento 0xd4e y que no es válido en el juego de caracteres del origen actual (página de códigos 65001). (compilando archivo de origen tipos.cpp)
C:\Users\tic144\Documents\Visual Studio 2019\RumblarD8\RumblarD8\grid.h(1,1): warning C4828: El archivo contiene un carácter que comienza en el desplazamiento 0xead y que no es válido en el juego de caracteres del origen actual (página de códigos 65001). (compilando archivo de origen tipos.cpp)
C:\Users\tic144\Documents\Visual Studio 2019\RumblarD8\RumblarD8\grid.h(1,1): warning C4828: El archivo contiene un carácter que comienza en el desplazamiento 0xf07 y que no es válido en el juego de caracteres del origen actual (página de códigos 65001). (compilando archivo de origen tipos.cpp)
C:\Users\tic144\Documents\Visual Studio 2019\RumblarD8\RumblarD8\grid.h(1,1): warning C4828: El archivo contiene un carácter que comienza en el desplazamiento 0xfc6 y que no es válido en el juego de caracteres del origen actual (página de códigos 65001). (compilando archivo de origen tipos.cpp)
C:\Users\tic144\Documents\Visual Studio 2019\RumblarD8\RumblarD8\grid.h(1,1): warning C4828: El archivo contiene un carácter que comienza en el desplazamiento 0x1193 y que no es válido en el juego de caracteres del origen actual (página de códigos 65001). (compilando archivo de origen tipos.cpp)
C:\Users\tic144\Documents\Visual Studio 2019\RumblarD8\RumblarD8\grid.h(1,1): warning C4828: El archivo contiene un carácter que comienza en el desplazamiento 0x11b9 y que no es válido en el juego de caracteres del origen actual (página de códigos 65001). (compilando archivo de origen tipos.cpp)
C:\Users\tic144\Documents\Visual Studio 2019\RumblarD8\RumblarD8\grid.h(1,1): warning C4828: El archivo contiene un carácter que comienza en el desplazamiento 0x137f y que no es válido en el juego de caracteres del origen actual (página de códigos 65001). (compilando archivo de origen tipos.cpp)
C:\Users\tic144\Documents\Visual Studio 2019\RumblarD8\RumblarD8\grid.h(1,1): warning C4828: El archivo contiene un carácter que comienza en el desplazamiento 0x1388 y que no es válido en el juego de caracteres del origen actual (página de códigos 65001). (compilando archivo de origen tipos.cpp)
C:\Users\tic144\Documents\Visual Studio 2019\RumblarD8\RumblarD8\grid.h(1,1): warning C4828: El archivo contiene un carácter que comienza en el desplazamiento 0x140a y que no es válido en el juego de caracteres del origen actual (página de códigos 65001). (compilando archivo de origen tipos.cpp)
C:\Users\tic144\Documents\Visual Studio 2019\RumblarD8\RumblarD8\tin.cpp(591,1): warning C4828: El archivo contiene un carácter que comienza en el desplazamiento 0x7676 y que no es válido en el juego de caracteres del origen actual (página de códigos 65001).
C:\Users\tic144\Documents\Visual Studio 2019\RumblarD8\RumblarD8\tin.cpp(591,1): warning C4828: El archivo contiene un carácter que comienza en el desplazamiento 0x7685 y que no es válido en el juego de caracteres del origen actual (página de códigos 65001).
C:\Users\tic144\Documents\Visual Studio 2019\RumblarD8\RumblarD8\tin.cpp(591,1): warning C4828: El archivo contiene un carácter que comienza en el desplazamiento 0x7c63 y que no es válido en el juego de caracteres del origen actual (página de códigos 65001).
C:\Users\tic144\Documents\Visual Studio 2019\RumblarD8\RumblarD8\grid.h(1,1): warning C4828: El archivo contiene un carácter que comienza en el desplazamiento 0x683 y que no es válido en el juego de caracteres del origen actual (página de códigos 65001). (compilando archivo de origen grid.cpp)
C:\Users\tic144\Documents\Visual Studio 2019\RumblarD8\RumblarD8\grid.h(1,1): warning C4828: El archivo contiene un carácter que comienza en el desplazamiento 0x6c7 y que no es válido en el juego de caracteres del origen actual (página de códigos 65001). (compilando archivo de origen grid.cpp)
C:\Users\tic144\Documents\Visual Studio 2019\RumblarD8\RumblarD8\grid.h(1,1): warning C4828: El archivo contiene un carácter que comienza en el desplazamiento 0x88d y que no es válido en el juego de caracteres del origen actual (página de códigos 65001). (compilando archivo de origen grid.cpp)
C:\Users\tic144\Documents\Visual Studio 2019\RumblarD8\RumblarD8\grid.h(1,1): warning C4828: El archivo contiene un carácter que comienza en el desplazamiento 0xa46 y que no es válido en el juego de caracteres del origen actual (página de códigos 65001). (compilando archivo de origen grid.cpp)
C:\Users\tic144\Documents\Visual Studio 2019\RumblarD8\RumblarD8\grid.h(1,1): warning C4828: El archivo contiene un carácter que comienza en el desplazamiento 0xa92 y que no es válido en el juego de caracteres del origen actual (página de códigos 65001). (compilando archivo de origen grid.cpp)
C:\Users\tic144\Documents\Visual Studio 2019\RumblarD8\RumblarD8\grid.h(1,1): warning C4828: El archivo contiene un carácter que comienza en el desplazamiento 0xaff y que no es válido en el juego de caracteres del origen actual (página de códigos 65001). (compilando archivo de origen grid.cpp)
C:\Users\tic144\Documents\Visual Studio 2019\RumblarD8\RumblarD8\grid.h(1,1): warning C4828: El archivo contiene un carácter que comienza en el desplazamiento 0xb12 y que no es válido en el juego de caracteres del origen actual (página de códigos 65001). (compilando archivo de origen grid.cpp)
C:\Users\tic144\Documents\Visual Studio 2019\RumblarD8\RumblarD8\grid.h(1,1): warning C4828: El archivo contiene un carácter que comienza en el desplazamiento 0xb36 y que no es válido en el juego de caracteres del origen actual (página de códigos 65001). (compilando archivo de origen grid.cpp)
C:\Users\tic144\Documents\Visual Studio 2019\RumblarD8\RumblarD8\grid.h(1,1): warning C4828: El archivo contiene un carácter que comienza en el desplazamiento 0xbcd y que no es válido en el juego de caracteres del origen actual (página de códigos 65001). (compilando archivo de origen grid.cpp)
C:\Users\tic144\Documents\Visual Studio 2019\RumblarD8\RumblarD8\grid.h(1,1): warning C4828: El archivo contiene un carácter que comienza en el desplazamiento 0xd4e y que no es válido en el juego de caracteres del origen actual (página de códigos 65001). (compilando archivo de origen grid.cpp)
C:\Users\tic144\Documents\Visual Studio 2019\RumblarD8\RumblarD8\grid.h(1,1): warning C4828: El archivo contiene un carácter que comienza en el desplazamiento 0xead y que no es válido en el juego de caracteres del origen actual (página de códigos 65001). (compilando archivo de origen grid.cpp)
C:\Users\tic144\Documents\Visual Studio 2019\RumblarD8\RumblarD8\grid.h(1,1): warning C4828: El archivo contiene un carácter que comienza en el desplazamiento 0xf07 y que no es válido en el juego de caracteres del origen actual (página de códigos 65001). (compilando archivo de origen grid.cpp)
C:\Users\tic144\Documents\Visual Studio 2019\RumblarD8\RumblarD8\grid.h(1,1): warning C4828: El archivo contiene un carácter que comienza en el desplazamiento 0xfc6 y que no es válido en el juego de caracteres del origen actual (página de códigos 65001). (compilando archivo de origen grid.cpp)
C:\Users\tic144\Documents\Visual Studio 2019\RumblarD8\RumblarD8\grid.h(1,1): warning C4828: El archivo contiene un carácter que comienza en el desplazamiento 0x1193 y que no es válido en el juego de caracteres del origen actual (página de códigos 65001). (compilando archivo de origen grid.cpp)
C:\Users\tic144\Documents\Visual Studio 2019\RumblarD8\RumblarD8\grid.h(1,1): warning C4828: El archivo contiene un carácter que comienza en el desplazamiento 0x11b9 y que no es válido en el juego de caracteres del origen actual (página de códigos 65001). (compilando archivo de origen grid.cpp)
C:\Users\tic144\Documents\Visual Studio 2019\RumblarD8\RumblarD8\grid.h(1,1): warning C4828: El archivo contiene un carácter que comienza en el desplazamiento 0x137f y que no es válido en el juego de caracteres del origen actual (página de códigos 65001). (compilando archivo de origen grid.cpp)
C:\Users\tic144\Documents\Visual Studio 2019\RumblarD8\RumblarD8\grid.h(1,1): warning C4828: El archivo contiene un carácter que comienza en el desplazamiento 0x1388 y que no es válido en el juego de caracteres del origen actual (página de códigos 65001). (compilando archivo de origen grid.cpp)
C:\Users\tic144\Documents\Visual Studio 2019\RumblarD8\RumblarD8\grid.h(1,1): warning C4828: El archivo contiene un carácter que comienza en el desplazamiento 0x140a y que no es válido en el juego de caracteres del origen actual (página de códigos 65001). (compilando archivo de origen grid.cpp)
C:\Users\tic144\Documents\Visual Studio 2019\RumblarD8\RumblarD8\ui_RumblarD8.h(1,1): warning C4828: El archivo contiene un carácter que comienza en el desplazamiento 0x902 y que no es válido en el juego de caracteres del origen actual (página de códigos 65001). (compilando archivo de origen RumblarD8.cpp)
C:\Users\tic144\Documents\Visual Studio 2019\RumblarD8\RumblarD8\ui_RumblarD8.h(1,1): warning C4828: El archivo contiene un carácter que comienza en el desplazamiento 0x902 y que no es válido en el juego de caracteres del origen actual (página de códigos 65001). (compilando archivo de origen main.cpp)
C:\Users\tic144\Documents\Visual Studio 2019\RumblarD8\RumblarD8\grid.h(1,1): warning C4828: El archivo contiene un carácter que comienza en el desplazamiento 0x683 y que no es válido en el juego de caracteres del origen actual (página de códigos 65001). (compilando archivo de origen RumblarD8.cpp)
C:\Users\tic144\Documents\Visual Studio 2019\RumblarD8\RumblarD8\grid.h(1,1): warning C4828: El archivo contiene un carácter que comienza en el desplazamiento 0x6c7 y que no es válido en el juego de caracteres del origen actual (página de códigos 65001). (compilando archivo de origen RumblarD8.cpp)
C:\Users\tic144\Documents\Visual Studio 2019\RumblarD8\RumblarD8\grid.h(1,1): warning C4828: El archivo contiene un carácter que comienza en el desplazamiento 0x88d y que no es válido en el juego de caracteres del origen actual (página de códigos 65001). (compilando archivo de origen RumblarD8.cpp)
C:\Users\tic144\Documents\Visual Studio 2019\RumblarD8\RumblarD8\grid.h(1,1): warning C4828: El archivo contiene un carácter que comienza en el desplazamiento 0xa46 y que no es válido en el juego de caracteres del origen actual (página de códigos 65001). (compilando archivo de origen RumblarD8.cpp)
C:\Users\tic144\Documents\Visual Studio 2019\RumblarD8\RumblarD8\grid.h(1,1): warning C4828: El archivo contiene un carácter que comienza en el desplazamiento 0xa92 y que no es válido en el juego de caracteres del origen actual (página de códigos 65001). (compilando archivo de origen RumblarD8.cpp)
C:\Users\tic144\Documents\Visual Studio 2019\RumblarD8\RumblarD8\grid.h(1,1): warning C4828: El archivo contiene un carácter que comienza en el desplazamiento 0xaff y que no es válido en el juego de caracteres del origen actual (página de códigos 65001). (compilando archivo de origen RumblarD8.cpp)
C:\Users\tic144\Documents\Visual Studio 2019\RumblarD8\RumblarD8\grid.h(1,1): warning C4828: El archivo contiene un carácter que comienza en el desplazamiento 0xb12 y que no es válido en el juego de caracteres del origen actual (página de códigos 65001). (compilando archivo de origen RumblarD8.cpp)
C:\Users\tic144\Documents\Visual Studio 2019\RumblarD8\RumblarD8\grid.h(1,1): warning C4828: El archivo contiene un carácter que comienza en el desplazamiento 0xb36 y que no es válido en el juego de caracteres del origen actual (página de códigos 65001). (compilando archivo de origen RumblarD8.cpp)
C:\Users\tic144\Documents\Visual Studio 2019\RumblarD8\RumblarD8\grid.h(1,1): warning C4828: El archivo contiene un carácter que comienza en el desplazamiento 0xbcd y que no es válido en el juego de caracteres del origen actual (página de códigos 65001). (compilando archivo de origen RumblarD8.cpp)
C:\Users\tic144\Documents\Visual Studio 2019\RumblarD8\RumblarD8\grid.h(1,1): warning C4828: El archivo contiene un carácter que comienza en el desplazamiento 0xd4e y que no es válido en el juego de caracteres del origen actual (página de códigos 65001). (compilando archivo de origen RumblarD8.cpp)
C:\Users\tic144\Documents\Visual Studio 2019\RumblarD8\RumblarD8\grid.h(1,1): warning C4828: El archivo contiene un carácter que comienza en el desplazamiento 0xead y que no es válido en el juego de caracteres del origen actual (página de códigos 65001). (compilando archivo de origen RumblarD8.cpp)
C:\Users\tic144\Documents\Visual Studio 2019\RumblarD8\RumblarD8\grid.h(1,1): warning C4828: El archivo contiene un carácter que comienza en el desplazamiento 0xf07 y que no es válido en el juego de caracteres del origen actual (página de códigos 65001). (compilando archivo de origen RumblarD8.cpp)
C:\Users\tic144\Documents\Visual Studio 2019\RumblarD8\RumblarD8\grid.h(1,1): warning C4828: El archivo contiene un carácter que comienza en el desplazamiento 0xfc6 y que no es válido en el juego de caracteres del origen actual (página de códigos 65001). (compilando archivo de origen RumblarD8.cpp)
C:\Users\tic144\Documents\Visual Studio 2019\RumblarD8\RumblarD8\grid.h(1,1): warning C4828: El archivo contiene un carácter que comienza en el desplazamiento 0x1193 y que no es válido en el juego de caracteres del origen actual (página de códigos 65001). (compilando archivo de origen RumblarD8.cpp)
C:\Users\tic144\Documents\Visual Studio 2019\RumblarD8\RumblarD8\grid.h(1,1): warning C4828: El archivo contiene un carácter que comienza en el desplazamiento 0x11b9 y que no es válido en el juego de caracteres del origen actual (página de códigos 65001). (compilando archivo de origen RumblarD8.cpp)
C:\Users\tic144\Documents\Visual Studio 2019\RumblarD8\RumblarD8\grid.h(1,1): warning C4828: El archivo contiene un carácter que comienza en el desplazamiento 0x137f y que no es válido en el juego de caracteres del origen actual (página de códigos 65001). (compilando archivo de origen RumblarD8.cpp)
C:\Users\tic144\Documents\Visual Studio 2019\RumblarD8\RumblarD8\grid.h(1,1): warning C4828: El archivo contiene un carácter que comienza en el desplazamiento 0x1388 y que no es válido en el juego de caracteres del origen actual (página de códigos 65001). (compilando archivo de origen RumblarD8.cpp)
C:\Users\tic144\Documents\Visual Studio 2019\RumblarD8\RumblarD8\grid.h(1,1): warning C4828: El archivo contiene un carácter que comienza en el desplazamiento 0x140a y que no es válido en el juego de caracteres del origen actual (página de códigos 65001). (compilando archivo de origen RumblarD8.cpp)
C:\Users\tic144\Documents\Visual Studio 2019\RumblarD8\RumblarD8\grid.h(1,1): warning C4828: El archivo contiene un carácter que comienza en el desplazamiento 0x683 y que no es válido en el juego de caracteres del origen actual (página de códigos 65001). (compilando archivo de origen main.cpp)
C:\Users\tic144\Documents\Visual Studio 2019\RumblarD8\RumblarD8\grid.h(1,1): warning C4828: El archivo contiene un carácter que comienza en el desplazamiento 0x6c7 y que no es válido en el juego de caracteres del origen actual (página de códigos 65001). (compilando archivo de origen main.cpp)
C:\Users\tic144\Documents\Visual Studio 2019\RumblarD8\RumblarD8\grid.h(1,1): warning C4828: El archivo contiene un carácter que comienza en el desplazamiento 0x88d y que no es válido en el juego de caracteres del origen actual (página de códigos 65001). (compilando archivo de origen main.cpp)
C:\Users\tic144\Documents\Visual Studio 2019\RumblarD8\RumblarD8\grid.h(1,1): warning C4828: El archivo contiene un carácter que comienza en el desplazamiento 0xa46 y que no es válido en el juego de caracteres del origen actual (página de códigos 65001). (compilando archivo de origen main.cpp)
C:\Users\tic144\Documents\Visual Studio 2019\RumblarD8\RumblarD8\grid.h(1,1): warning C4828: El archivo contiene un carácter que comienza en el desplazamiento 0xa92 y que no es válido en el juego de caracteres del origen actual (página de códigos 65001). (compilando archivo de origen main.cpp)
C:\Users\tic144\Documents\Visual Studio 2019\RumblarD8\RumblarD8\grid.h(1,1): warning C4828: El archivo contiene un carácter que comienza en el desplazamiento 0xaff y que no es válido en el juego de caracteres del origen actual (página de códigos 65001). (compilando archivo de origen main.cpp)
C:\Users\tic144\Documents\Visual Studio 2019\RumblarD8\RumblarD8\grid.h(1,1): warning C4828: El archivo contiene un carácter que comienza en el desplazamiento 0xb12 y que no es válido en el juego de caracteres del origen actual (página de códigos 65001). (compilando archivo de origen main.cpp)
C:\Users\tic144\Documents\Visual Studio 2019\RumblarD8\RumblarD8\grid.h(1,1): warning C4828: El archivo contiene un carácter que comienza en el desplazamiento 0xb36 y que no es válido en el juego de caracteres del origen actual (página de códigos 65001). (compilando archivo de origen main.cpp)
C:\Users\tic144\Documents\Visual Studio 2019\RumblarD8\RumblarD8\grid.h(1,1): warning C4828: El archivo contiene un carácter que comienza en el desplazamiento 0xbcd y que no es válido en el juego de caracteres del origen actual (página de códigos 65001). (compilando archivo de origen main.cpp)
C:\Users\tic144\Documents\Visual Studio 2019\RumblarD8\RumblarD8\grid.h(1,1): warning C4828: El archivo contiene un carácter que comienza en el desplazamiento 0xd4e y que no es válido en el juego de caracteres del origen actual (página de códigos 65001). (compilando archivo de origen main.cpp)
C:\Users\tic144\Documents\Visual Studio 2019\RumblarD8\RumblarD8\grid.h(1,1): warning C4828: El archivo contiene un carácter que comienza en el desplazamiento 0xead y que no es válido en el juego de caracteres del origen actual (página de códigos 65001). (compilando archivo de origen main.cpp)
C:\Users\tic144\Documents\Visual Studio 2019\RumblarD8\RumblarD8\grid.h(1,1): warning C4828: El archivo contiene un carácter que comienza en el desplazamiento 0xf07 y que no es válido en el juego de caracteres del origen actual (página de códigos 65001). (compilando archivo de origen main.cpp)
C:\Users\tic144\Documents\Visual Studio 2019\RumblarD8\RumblarD8\grid.h(1,1): warning C4828: El archivo contiene un carácter que comienza en el desplazamiento 0xfc6 y que no es válido en el juego de caracteres del origen actual (página de códigos 65001). (compilando archivo de origen main.cpp)
C:\Users\tic144\Documents\Visual Studio 2019\RumblarD8\RumblarD8\grid.h(1,1): warning C4828: El archivo contiene un carácter que comienza en el desplazamiento 0x1193 y que no es válido en el juego de caracteres del origen actual (página de códigos 65001). (compilando archivo de origen main.cpp)
C:\Users\tic144\Documents\Visual Studio 2019\RumblarD8\RumblarD8\grid.h(1,1): warning C4828: El archivo contiene un carácter que comienza en el desplazamiento 0x11b9 y que no es válido en el juego de caracteres del origen actual (página de códigos 65001). (compilando archivo de origen main.cpp)
C:\Users\tic144\Documents\Visual Studio 2019\RumblarD8\RumblarD8\grid.h(1,1): warning C4828: El archivo contiene un carácter que comienza en el desplazamiento 0x137f y que no es válido en el juego de caracteres del origen actual (página de códigos 65001). (compilando archivo de origen main.cpp)
C:\Users\tic144\Documents\Visual Studio 2019\RumblarD8\RumblarD8\grid.h(1,1): warning C4828: El archivo contiene un carácter que comienza en el desplazamiento 0x1388 y que no es válido en el juego de caracteres del origen actual (página de códigos 65001). (compilando archivo de origen main.cpp)
C:\Users\tic144\Documents\Visual Studio 2019\RumblarD8\RumblarD8\grid.h(1,1): warning C4828: El archivo contiene un carácter que comienza en el desplazamiento 0x140a y que no es válido en el juego de caracteres del origen actual (página de códigos 65001). (compilando archivo de origen main.cpp)
C:\Users\tic144\Documents\Visual Studio 2019\RumblarD8\RumblarD8\tin.h(1,1): warning C4828: El archivo contiene un carácter que comienza en el desplazamiento 0x46 y que no es válido en el juego de caracteres del origen actual (página de códigos 65001). (compilando archivo de origen main.cpp)
C:\Users\tic144\Documents\Visual Studio 2019\RumblarD8\RumblarD8\tin.h(1,1): warning C4828: El archivo contiene un carácter que comienza en el desplazamiento 0xeb y que no es válido en el juego de caracteres del origen actual (página de códigos 65001). (compilando archivo de origen main.cpp)
C:\Users\tic144\Documents\Visual Studio 2019\RumblarD8\RumblarD8\tin.h(1,1): warning C4828: El archivo contiene un carácter que comienza en el desplazamiento 0xfa y que no es válido en el juego de caracteres del origen actual (página de códigos 65001). (compilando archivo de origen main.cpp)
C:\Users\tic144\Documents\Visual Studio 2019\RumblarD8\RumblarD8\tin.h(1,1): warning C4828: El archivo contiene un carácter que comienza en el desplazamiento 0x106 y que no es válido en el juego de caracteres del origen actual (página de códigos 65001). (compilando archivo de origen main.cpp)
C:\Users\tic144\Documents\Visual Studio 2019\RumblarD8\RumblarD8\tin.h(1,1): warning C4828: El archivo contiene un carácter que comienza en el desplazamiento 0x132 y que no es válido en el juego de caracteres del origen actual (página de códigos 65001). (compilando archivo de origen main.cpp)
C:\Users\tic144\Documents\Visual Studio 2019\RumblarD8\RumblarD8\tin.h(1,1): warning C4828: El archivo contiene un carácter que comienza en el desplazamiento 0x179 y que no es válido en el juego de caracteres del origen actual (página de códigos 65001). (compilando archivo de origen main.cpp)
C:\Users\tic144\Documents\Visual Studio 2019\RumblarD8\RumblarD8\tin.h(1,1): warning C4828: El archivo contiene un carácter que comienza en el desplazamiento 0x18c y que no es válido en el juego de caracteres del origen actual (página de códigos 65001). (compilando archivo de origen main.cpp)
C:\Users\tic144\Documents\Visual Studio 2019\RumblarD8\RumblarD8\tin.h(1,1): warning C4828: El archivo contiene un carácter que comienza en el desplazamiento 0x205 y que no es válido en el juego de caracteres del origen actual (página de códigos 65001). (compilando archivo de origen main.cpp)
C:\Users\tic144\Documents\Visual Studio 2019\RumblarD8\RumblarD8\tin.h(1,1): warning C4828: El archivo contiene un carácter que comienza en el desplazamiento 0x55f y que no es válido en el juego de caracteres del origen actual (página de códigos 65001). (compilando archivo de origen main.cpp)
C:\Users\tic144\Documents\Visual Studio 2019\RumblarD8\RumblarD8\tin.h(1,1): warning C4828: El archivo contiene un carácter que comienza en el desplazamiento 0x5dd y que no es válido en el juego de caracteres del origen actual (página de códigos 65001). (compilando archivo de origen main.cpp)
C:\Users\tic144\Documents\Visual Studio 2019\RumblarD8\RumblarD8\tin.h(1,1): warning C4828: El archivo contiene un carácter que comienza en el desplazamiento 0x5f9 y que no es válido en el juego de caracteres del origen actual (página de códigos 65001). (compilando archivo de origen main.cpp)
C:\Users\tic144\Documents\Visual Studio 2019\RumblarD8\RumblarD8\tin.h(1,1): warning C4828: El archivo contiene un carácter que comienza en el desplazamiento 0x617 y que no es válido en el juego de caracteres del origen actual (página de códigos 65001). (compilando archivo de origen main.cpp)
C:\Users\tic144\Documents\Visual Studio 2019\RumblarD8\RumblarD8\tin.h(1,1): warning C4828: El archivo contiene un carácter que comienza en el desplazamiento 0x712 y que no es válido en el juego de caracteres del origen actual (página de códigos 65001). (compilando archivo de origen main.cpp)
C:\Users\tic144\Documents\Visual Studio 2019\RumblarD8\RumblarD8\tin.h(1,1): warning C4828: El archivo contiene un carácter que comienza en el desplazamiento 0x781 y que no es válido en el juego de caracteres del origen actual (página de códigos 65001). (compilando archivo de origen main.cpp)
C:\Users\tic144\Documents\Visual Studio 2019\RumblarD8\RumblarD8\tin.h(1,1): warning C4828: El archivo contiene un carácter que comienza en el desplazamiento 0x879 y que no es válido en el juego de caracteres del origen actual (página de códigos 65001). (compilando archivo de origen main.cpp)
C:\Users\tic144\Documents\Visual Studio 2019\RumblarD8\RumblarD8\tin.h(1,1): warning C4828: El archivo contiene un carácter que comienza en el desplazamiento 0x895 y que no es válido en el juego de caracteres del origen actual (página de códigos 65001). (compilando archivo de origen main.cpp)
C:\Users\tic144\Documents\Visual Studio 2019\RumblarD8\RumblarD8\tin.h(1,1): warning C4828: El archivo contiene un carácter que comienza en el desplazamiento 0x901 y que no es válido en el juego de caracteres del origen actual (página de códigos 65001). (compilando archivo de origen main.cpp)
C:\Users\tic144\Documents\Visual Studio 2019\RumblarD8\RumblarD8\tin.h(1,1): warning C4828: El archivo contiene un carácter que comienza en el desplazamiento 0x91b y que no es válido en el juego de caracteres del origen actual (página de códigos 65001). (compilando archivo de origen main.cpp)
C:\Users\tic144\Documents\Visual Studio 2019\RumblarD8\RumblarD8\tin.h(1,1): warning C4828: El archivo contiene un carácter que comienza en el desplazamiento 0xa4e y que no es válido en el juego de caracteres del origen actual (página de códigos 65001). (compilando archivo de origen main.cpp)
C:\Users\tic144\Documents\Visual Studio 2019\RumblarD8\RumblarD8\tin.h(1,1): warning C4828: El archivo contiene un carácter que comienza en el desplazamiento 0xa55 y que no es válido en el juego de caracteres del origen actual (página de códigos 65001). (compilando archivo de origen main.cpp)
C:\Users\tic144\Documents\Visual Studio 2019\RumblarD8\RumblarD8\hgtloader.h(1,1): warning C4828: El archivo contiene un carácter que comienza en el desplazamiento 0x114 y que no es válido en el juego de caracteres del origen actual (página de códigos 65001). (compilando archivo de origen grid.cpp)
C:\Users\tic144\Documents\Visual Studio 2019\RumblarD8\RumblarD8\hgtloader.h(1,1): warning C4828: El archivo contiene un carácter que comienza en el desplazamiento 0x166 y que no es válido en el juego de caracteres del origen actual (página de códigos 65001). (compilando archivo de origen grid.cpp)
C:\Users\tic144\Documents\Visual Studio 2019\RumblarD8\RumblarD8\grid.cpp(827,1): warning C4828: El archivo contiene un carácter que comienza en el desplazamiento 0x7be4 y que no es válido en el juego de caracteres del origen actual (página de códigos 65001).
C:\Users\tic144\Documents\Visual Studio 2019\RumblarD8\RumblarD8\grid.cpp(827,1): warning C4828: El archivo contiene un carácter que comienza en el desplazamiento 0x7e42 y que no es válido en el juego de caracteres del origen actual (página de códigos 65001).
C:\Users\tic144\Documents\Visual Studio 2019\RumblarD8\RumblarD8\grid.cpp(827,1): warning C4828: El archivo contiene un carácter que comienza en el desplazamiento 0x830d y que no es válido en el juego de caracteres del origen actual (página de códigos 65001).
C:\Users\tic144\Documents\Visual Studio 2019\RumblarD8\RumblarD8\main.cpp(186): warning C4700: se utilizó la variable local 'grid' sin inicializar
C:\Users\tic144\Documents\Visual Studio 2019\RumblarD8\RumblarD8\grid.cpp(561): warning C4715: 'gridDirCelda': no todas las rutas de acceso de control devuelven un valor
  qrc_RumblarD8.cpp
  moc_RumblarD8.cpp
C:\Users\tic144\Documents\Visual Studio 2019\RumblarD8\RumblarD8\ui_RumblarD8.h(1,1): warning C4828: El archivo contiene un carácter que comienza en el desplazamiento 0x902 y que no es válido en el juego de caracteres del origen actual (página de códigos 65001). (compilando archivo de origen x64\Debug\moc\moc_RumblarD8.cpp)
C:\Users\tic144\Documents\Visual Studio 2019\RumblarD8\RumblarD8\grid.h(1,1): warning C4828: El archivo contiene un carácter que comienza en el desplazamiento 0x683 y que no es válido en el juego de caracteres del origen actual (página de códigos 65001). (compilando archivo de origen x64\Debug\moc\moc_RumblarD8.cpp)
C:\Users\tic144\Documents\Visual Studio 2019\RumblarD8\RumblarD8\grid.h(1,1): warning C4828: El archivo contiene un carácter que comienza en el desplazamiento 0x6c7 y que no es válido en el juego de caracteres del origen actual (página de códigos 65001). (compilando archivo de origen x64\Debug\moc\moc_RumblarD8.cpp)
C:\Users\tic144\Documents\Visual Studio 2019\RumblarD8\RumblarD8\grid.h(1,1): warning C4828: El archivo contiene un carácter que comienza en el desplazamiento 0x88d y que no es válido en el juego de caracteres del origen actual (página de códigos 65001). (compilando archivo de origen x64\Debug\moc\moc_RumblarD8.cpp)
C:\Users\tic144\Documents\Visual Studio 2019\RumblarD8\RumblarD8\grid.h(1,1): warning C4828: El archivo contiene un carácter que comienza en el desplazamiento 0xa46 y que no es válido en el juego de caracteres del origen actual (página de códigos 65001). (compilando archivo de origen x64\Debug\moc\moc_RumblarD8.cpp)
C:\Users\tic144\Documents\Visual Studio 2019\RumblarD8\RumblarD8\grid.h(1,1): warning C4828: El archivo contiene un carácter que comienza en el desplazamiento 0xa92 y que no es válido en el juego de caracteres del origen actual (página de códigos 65001). (compilando archivo de origen x64\Debug\moc\moc_RumblarD8.cpp)
C:\Users\tic144\Documents\Visual Studio 2019\RumblarD8\RumblarD8\grid.h(1,1): warning C4828: El archivo contiene un carácter que comienza en el desplazamiento 0xaff y que no es válido en el juego de caracteres del origen actual (página de códigos 65001). (compilando archivo de origen x64\Debug\moc\moc_RumblarD8.cpp)
C:\Users\tic144\Documents\Visual Studio 2019\RumblarD8\RumblarD8\grid.h(1,1): warning C4828: El archivo contiene un carácter que comienza en el desplazamiento 0xb12 y que no es válido en el juego de caracteres del origen actual (página de códigos 65001). (compilando archivo de origen x64\Debug\moc\moc_RumblarD8.cpp)
C:\Users\tic144\Documents\Visual Studio 2019\RumblarD8\RumblarD8\grid.h(1,1): warning C4828: El archivo contiene un carácter que comienza en el desplazamiento 0xb36 y que no es válido en el juego de caracteres del origen actual (página de códigos 65001). (compilando archivo de origen x64\Debug\moc\moc_RumblarD8.cpp)
C:\Users\tic144\Documents\Visual Studio 2019\RumblarD8\RumblarD8\grid.h(1,1): warning C4828: El archivo contiene un carácter que comienza en el desplazamiento 0xbcd y que no es válido en el juego de caracteres del origen actual (página de códigos 65001). (compilando archivo de origen x64\Debug\moc\moc_RumblarD8.cpp)
C:\Users\tic144\Documents\Visual Studio 2019\RumblarD8\RumblarD8\grid.h(1,1): warning C4828: El archivo contiene un carácter que comienza en el desplazamiento 0xd4e y que no es válido en el juego de caracteres del origen actual (página de códigos 65001). (compilando archivo de origen x64\Debug\moc\moc_RumblarD8.cpp)
C:\Users\tic144\Documents\Visual Studio 2019\RumblarD8\RumblarD8\grid.h(1,1): warning C4828: El archivo contiene un carácter que comienza en el desplazamiento 0xead y que no es válido en el juego de caracteres del origen actual (página de códigos 65001). (compilando archivo de origen x64\Debug\moc\moc_RumblarD8.cpp)
C:\Users\tic144\Documents\Visual Studio 2019\RumblarD8\RumblarD8\grid.h(1,1): warning C4828: El archivo contiene un carácter que comienza en el desplazamiento 0xf07 y que no es válido en el juego de caracteres del origen actual (página de códigos 65001). (compilando archivo de origen x64\Debug\moc\moc_RumblarD8.cpp)
C:\Users\tic144\Documents\Visual Studio 2019\RumblarD8\RumblarD8\grid.h(1,1): warning C4828: El archivo contiene un carácter que comienza en el desplazamiento 0xfc6 y que no es válido en el juego de caracteres del origen actual (página de códigos 65001). (compilando archivo de origen x64\Debug\moc\moc_RumblarD8.cpp)
C:\Users\tic144\Documents\Visual Studio 2019\RumblarD8\RumblarD8\grid.h(1,1): warning C4828: El archivo contiene un carácter que comienza en el desplazamiento 0x1193 y que no es válido en el juego de caracteres del origen actual (página de códigos 65001). (compilando archivo de origen x64\Debug\moc\moc_RumblarD8.cpp)
C:\Users\tic144\Documents\Visual Studio 2019\RumblarD8\RumblarD8\grid.h(1,1): warning C4828: El archivo contiene un carácter que comienza en el desplazamiento 0x11b9 y que no es válido en el juego de caracteres del origen actual (página de códigos 65001). (compilando archivo de origen x64\Debug\moc\moc_RumblarD8.cpp)
C:\Users\tic144\Documents\Visual Studio 2019\RumblarD8\RumblarD8\grid.h(1,1): warning C4828: El archivo contiene un carácter que comienza en el desplazamiento 0x137f y que no es válido en el juego de caracteres del origen actual (página de códigos 65001). (compilando archivo de origen x64\Debug\moc\moc_RumblarD8.cpp)
C:\Users\tic144\Documents\Visual Studio 2019\RumblarD8\RumblarD8\grid.h(1,1): warning C4828: El archivo contiene un carácter que comienza en el desplazamiento 0x1388 y que no es válido en el juego de caracteres del origen actual (página de códigos 65001). (compilando archivo de origen x64\Debug\moc\moc_RumblarD8.cpp)
C:\Users\tic144\Documents\Visual Studio 2019\RumblarD8\RumblarD8\grid.h(1,1): warning C4828: El archivo contiene un carácter que comienza en el desplazamiento 0x140a y que no es válido en el juego de caracteres del origen actual (página de códigos 65001). (compilando archivo de origen x64\Debug\moc\moc_RumblarD8.cpp)
  RumblarD8.vcxproj -> C:\Users\tic144\Documents\Visual Studio 2019\RumblarD8\RumblarD8\x64\Debug\RumblarD8.exe
