c:\users\tic144\documents\visual studio 2019\rumblard8\rumblard8\x64\debug\tin.obj
c:\users\tic144\documents\visual studio 2019\rumblard8\rumblard8\x64\debug\rumblard8.obj
c:\users\tic144\documents\visual studio 2019\rumblard8\rumblard8\x64\debug\main.obj
c:\users\tic144\documents\visual studio 2019\rumblard8\rumblard8\x64\debug\grid.obj
c:\users\tic144\documents\visual studio 2019\rumblard8\rumblard8\x64\debug\mates.obj
c:\users\tic144\documents\visual studio 2019\rumblard8\rumblard8\x64\debug\tipos.obj
c:\users\tic144\documents\visual studio 2019\rumblard8\rumblard8\x64\debug\hgtloader.obj
c:\users\tic144\documents\visual studio 2019\rumblard8\rumblard8\x64\debug\vc142.pdb
c:\users\tic144\documents\visual studio 2019\rumblard8\rumblard8\x64\debug\moc_rumblard8.obj
c:\users\tic144\documents\visual studio 2019\rumblard8\rumblard8\x64\debug\qrc_rumblard8.obj
c:\users\tic144\documents\visual studio 2019\rumblard8\rumblard8\x64\debug\rumblard8.exe
c:\users\tic144\documents\visual studio 2019\rumblard8\rumblard8\x64\debug\rumblard8.ilk
c:\users\tic144\documents\visual studio 2019\rumblard8\rumblard8\x64\debug\rumblard8.pdb
c:\users\tic144\documents\visual studio 2019\rumblard8\rumblard8\x64\debug\moc\moc_rumblard8.cpp
c:\users\tic144\documents\visual studio 2019\rumblard8\rumblard8\x64\debug\icon.res
c:\users\tic144\documents\visual studio 2019\rumblard8\rumblard8\x64\debug\rcc\qrc_rumblard8.cpp
c:\users\tic144\documents\visual studio 2019\rumblard8\rumblard8\x64\debug\uic\ui_rumblard8.h
c:\users\tic144\documents\visual studio 2019\rumblard8\rumblard8\x64\debug\rumblard8.tlog\cl.command.1.tlog
c:\users\tic144\documents\visual studio 2019\rumblard8\rumblard8\x64\debug\rumblard8.tlog\cl.read.1.tlog
c:\users\tic144\documents\visual studio 2019\rumblard8\rumblard8\x64\debug\rumblard8.tlog\cl.write.1.tlog
c:\users\tic144\documents\visual studio 2019\rumblard8\rumblard8\x64\debug\rumblard8.tlog\link.command.1.tlog
c:\users\tic144\documents\visual studio 2019\rumblard8\rumblard8\x64\debug\rumblard8.tlog\link.read.1.tlog
c:\users\tic144\documents\visual studio 2019\rumblard8\rumblard8\x64\debug\rumblard8.tlog\link.write.1.tlog
c:\users\tic144\documents\visual studio 2019\rumblard8\rumblard8\x64\debug\rumblard8.tlog\moc.read.1u.tlog
c:\users\tic144\documents\visual studio 2019\rumblard8\rumblard8\x64\debug\rumblard8.tlog\moc.write.1u.tlog
c:\users\tic144\documents\visual studio 2019\rumblard8\rumblard8\x64\debug\rumblard8.tlog\rc.command.1.tlog
c:\users\tic144\documents\visual studio 2019\rumblard8\rumblard8\x64\debug\rumblard8.tlog\rc.read.1.tlog
c:\users\tic144\documents\visual studio 2019\rumblard8\rumblard8\x64\debug\rumblard8.tlog\rc.write.1.tlog
c:\users\tic144\documents\visual studio 2019\rumblard8\rumblard8\x64\debug\rumblard8.tlog\rcc.read.1u.tlog
c:\users\tic144\documents\visual studio 2019\rumblard8\rumblard8\x64\debug\rumblard8.tlog\rcc.write.1u.tlog
c:\users\tic144\documents\visual studio 2019\rumblard8\rumblard8\x64\debug\rumblard8.tlog\rumblard8.write.1u.tlog
c:\users\tic144\documents\visual studio 2019\rumblard8\rumblard8\x64\debug\rumblard8.tlog\uic.read.1u.tlog
c:\users\tic144\documents\visual studio 2019\rumblard8\rumblard8\x64\debug\rumblard8.tlog\uic.write.1u.tlog
